2025-04-13 04:45:46,849 - __main__ - INFO - æ­£åœ¨åˆ›å»ºåº”ç”¨å®ä¾‹...
2025-04-13 04:45:46,851 - backend.app - INFO - åº”ç”¨å¯åŠ¨
2025-04-13 04:45:46,855 - backend.app - INFO - æ‰«æå¯ç”¨æ¨¡å‹...
2025-04-13 04:45:46,855 - backend.app.services.detection - INFO - æ­£åœ¨æ‰«ææ¨¡å‹ç›®å½•: /mnt/data/Code/yyh/yolov11/backend/models
2025-04-13 04:45:46,855 - backend.app.services.detection - INFO - æ‰¾åˆ° 6 ä¸ªæ¨¡å‹æ–‡ä»¶
2025-04-13 04:45:46,855 - backend.app.services.detection - INFO - æ¨¡å‹: tower_crane.pt, å¤§å°: 49.63MB, ä¿®æ”¹æ—¶é—´: 2025-03-26 19:37:16
2025-04-13 04:45:46,855 - backend.app.services.detection - INFO - æ¨¡å‹: backend_model.pt, å¤§å°: 15.82MB, ä¿®æ”¹æ—¶é—´: 2025-04-11 08:48:45
2025-04-13 04:45:46,855 - backend.app.services.detection - INFO - æ¨¡å‹: best_model.pt, å¤§å°: 15.78MB, ä¿®æ”¹æ—¶é—´: 2025-03-25 22:24:09
2025-04-13 04:45:46,855 - backend.app.services.detection - INFO - æ¨¡å‹: best.pt, å¤§å°: 43.08MB, ä¿®æ”¹æ—¶é—´: 2025-03-26 16:42:36
2025-04-13 04:45:46,855 - backend.app.services.detection - INFO - æ¨¡å‹: yolo11m-seg.pt, å¤§å°: 43.30MB, ä¿®æ”¹æ—¶é—´: 2025-03-18 06:56:23
2025-04-13 04:45:46,855 - backend.app.services.detection - INFO - æ¨¡å‹: 0908.pt, å¤§å°: 5.02MB, ä¿®æ”¹æ—¶é—´: 2025-03-26 19:37:04
2025-04-13 04:45:46,855 - backend.app - INFO - æ‰¾åˆ° 6 ä¸ªæ¨¡å‹æ–‡ä»¶
2025-04-13 04:45:46,855 - backend.app - INFO - æ¨¡å‹: tower_crane.pt, å¤§å°: 49.63MB, ä¿®æ”¹æ—¶é—´: 2025-03-26 19:37:16
2025-04-13 04:45:46,855 - backend.app - INFO - æ¨¡å‹: backend_model.pt, å¤§å°: 15.82MB, ä¿®æ”¹æ—¶é—´: 2025-04-11 08:48:45
2025-04-13 04:45:46,855 - backend.app - INFO - æ¨¡å‹: best_model.pt, å¤§å°: 15.78MB, ä¿®æ”¹æ—¶é—´: 2025-03-25 22:24:09
2025-04-13 04:45:46,856 - backend.app - INFO - æ¨¡å‹: best.pt, å¤§å°: 43.08MB, ä¿®æ”¹æ—¶é—´: 2025-03-26 16:42:36
2025-04-13 04:45:46,856 - backend.app - INFO - æ¨¡å‹: yolo11m-seg.pt, å¤§å°: 43.30MB, ä¿®æ”¹æ—¶é—´: 2025-03-18 06:56:23
2025-04-13 04:45:46,856 - backend.app - INFO - æ¨¡å‹: 0908.pt, å¤§å°: 5.02MB, ä¿®æ”¹æ—¶é—´: 2025-03-26 19:37:04
2025-04-13 04:45:46,856 - backend.app - INFO - æ­£åœ¨åŠ è½½é»˜è®¤æ¨¡å‹...
2025-04-13 04:45:46,856 - backend.app.services.detection - INFO - æ­£åœ¨æ‰«ææ¨¡å‹ç›®å½•: /mnt/data/Code/yyh/yolov11/backend/models
2025-04-13 04:45:46,856 - backend.app.services.detection - INFO - æ‰¾åˆ° 6 ä¸ªæ¨¡å‹æ–‡ä»¶
2025-04-13 04:45:46,856 - backend.app.services.detection - INFO - æ¨¡å‹: tower_crane.pt, å¤§å°: 49.63MB, ä¿®æ”¹æ—¶é—´: 2025-03-26 19:37:16
2025-04-13 04:45:46,856 - backend.app.services.detection - INFO - æ¨¡å‹: backend_model.pt, å¤§å°: 15.82MB, ä¿®æ”¹æ—¶é—´: 2025-04-11 08:48:45
2025-04-13 04:45:46,856 - backend.app.services.detection - INFO - æ¨¡å‹: best_model.pt, å¤§å°: 15.78MB, ä¿®æ”¹æ—¶é—´: 2025-03-25 22:24:09
2025-04-13 04:45:46,856 - backend.app.services.detection - INFO - æ¨¡å‹: best.pt, å¤§å°: 43.08MB, ä¿®æ”¹æ—¶é—´: 2025-03-26 16:42:36
2025-04-13 04:45:46,856 - backend.app.services.detection - INFO - æ¨¡å‹: yolo11m-seg.pt, å¤§å°: 43.30MB, ä¿®æ”¹æ—¶é—´: 2025-03-18 06:56:23
2025-04-13 04:45:46,856 - backend.app.services.detection - INFO - æ¨¡å‹: 0908.pt, å¤§å°: 5.02MB, ä¿®æ”¹æ—¶é—´: 2025-03-26 19:37:04
2025-04-13 04:45:46,856 - backend.app.services.detection - INFO - æ­£åœ¨åŠ è½½æ¨¡å‹: best.pt
2025-04-13 04:45:49,782 - backend.app.services.detection - INFO - æ¨¡å‹ best.pt åŠ è½½æˆåŠŸ
2025-04-13 04:45:49,782 - backend.app - INFO - é»˜è®¤æ¨¡å‹åŠ è½½æˆåŠŸ
2025-04-13 04:45:49,782 - __main__ - INFO - åº”ç”¨å°†åœ¨ç«¯å£ 5000 ä¸Šå¯åŠ¨
2025-04-13 04:45:49,782 - __main__ - INFO - æ­£åœ¨å¯åŠ¨åº”ç”¨...
 * Serving Flask app 'backend.app'
 * Debug mode: off
2025-04-13 04:45:49,786 - werkzeug - INFO - [31m[1mWARNING: This is a development server. Do not use it in a production deployment. Use a production WSGI server instead.[0m
 * Running on all addresses (0.0.0.0)
 * Running on http://127.0.0.1:5000
 * Running on http://10.201.140.243:5000
2025-04-13 04:45:49,786 - werkzeug - INFO - [33mPress CTRL+C to quit[0m
2025-04-13 04:47:33,848 - backend.app.services.detection - INFO - æ­£åœ¨æ‰«ææ¨¡å‹ç›®å½•: /mnt/data/Code/yyh/yolov11/backend/models
2025-04-13 04:47:33,849 - backend.app.services.detection - INFO - æ‰¾åˆ° 6 ä¸ªæ¨¡å‹æ–‡ä»¶
2025-04-13 04:47:33,849 - backend.app.services.detection - INFO - æ¨¡å‹: tower_crane.pt, å¤§å°: 49.63MB, ä¿®æ”¹æ—¶é—´: 2025-03-26 19:37:16
2025-04-13 04:47:33,849 - backend.app.services.detection - INFO - æ¨¡å‹: backend_model.pt, å¤§å°: 15.82MB, ä¿®æ”¹æ—¶é—´: 2025-04-11 08:48:45
2025-04-13 04:47:33,849 - backend.app.services.detection - INFO - æ¨¡å‹: best_model.pt, å¤§å°: 15.78MB, ä¿®æ”¹æ—¶é—´: 2025-03-25 22:24:09
2025-04-13 04:47:33,849 - backend.app.services.detection - INFO - æ¨¡å‹: best.pt, å¤§å°: 43.08MB, ä¿®æ”¹æ—¶é—´: 2025-03-26 16:42:36
2025-04-13 04:47:33,849 - backend.app.services.detection - INFO - æ¨¡å‹: yolo11m-seg.pt, å¤§å°: 43.30MB, ä¿®æ”¹æ—¶é—´: 2025-03-18 06:56:23
2025-04-13 04:47:33,849 - backend.app.services.detection - INFO - æ¨¡å‹: 0908.pt, å¤§å°: 5.02MB, ä¿®æ”¹æ—¶é—´: 2025-03-26 19:37:04
2025-04-13 04:47:33,850 - werkzeug - INFO - 127.0.0.1 - - [13/Apr/2025 04:47:33] "GET /api/detection/model/status HTTP/1.1" 200 -
2025-04-13 04:47:33,864 - backend.app.services.detection - INFO - æ­£åœ¨æ‰«ææ¨¡å‹ç›®å½•: /mnt/data/Code/yyh/yolov11/backend/models
2025-04-13 04:47:33,865 - backend.app.services.detection - INFO - æ‰¾åˆ° 6 ä¸ªæ¨¡å‹æ–‡ä»¶
2025-04-13 04:47:33,865 - backend.app.services.detection - INFO - æ¨¡å‹: tower_crane.pt, å¤§å°: 49.63MB, ä¿®æ”¹æ—¶é—´: 2025-03-26 19:37:16
2025-04-13 04:47:33,865 - backend.app.services.detection - INFO - æ¨¡å‹: backend_model.pt, å¤§å°: 15.82MB, ä¿®æ”¹æ—¶é—´: 2025-04-11 08:48:45
2025-04-13 04:47:33,865 - backend.app.services.detection - INFO - æ¨¡å‹: best_model.pt, å¤§å°: 15.78MB, ä¿®æ”¹æ—¶é—´: 2025-03-25 22:24:09
2025-04-13 04:47:33,865 - backend.app.services.detection - INFO - æ¨¡å‹: best.pt, å¤§å°: 43.08MB, ä¿®æ”¹æ—¶é—´: 2025-03-26 16:42:36
2025-04-13 04:47:33,865 - backend.app.services.detection - INFO - æ¨¡å‹: yolo11m-seg.pt, å¤§å°: 43.30MB, ä¿®æ”¹æ—¶é—´: 2025-03-18 06:56:23
2025-04-13 04:47:33,865 - backend.app.services.detection - INFO - æ¨¡å‹: 0908.pt, å¤§å°: 5.02MB, ä¿®æ”¹æ—¶é—´: 2025-03-26 19:37:04
2025-04-13 04:47:33,865 - werkzeug - INFO - 127.0.0.1 - - [13/Apr/2025 04:47:33] "GET /api/detection/model/status HTTP/1.1" 200 -
2025-04-13 04:47:37,748 - backend.app.services.detection - INFO - æ­£åœ¨æ‰«ææ¨¡å‹ç›®å½•: /mnt/data/Code/yyh/yolov11/backend/models
2025-04-13 04:47:37,748 - backend.app.services.detection - INFO - æ‰¾åˆ° 6 ä¸ªæ¨¡å‹æ–‡ä»¶
2025-04-13 04:47:37,748 - backend.app.services.detection - INFO - æ¨¡å‹: tower_crane.pt, å¤§å°: 49.63MB, ä¿®æ”¹æ—¶é—´: 2025-03-26 19:37:16
2025-04-13 04:47:37,748 - backend.app.services.detection - INFO - æ¨¡å‹: backend_model.pt, å¤§å°: 15.82MB, ä¿®æ”¹æ—¶é—´: 2025-04-11 08:48:45
2025-04-13 04:47:37,748 - backend.app.services.detection - INFO - æ¨¡å‹: best_model.pt, å¤§å°: 15.78MB, ä¿®æ”¹æ—¶é—´: 2025-03-25 22:24:09
2025-04-13 04:47:37,748 - backend.app.services.detection - INFO - æ¨¡å‹: best.pt, å¤§å°: 43.08MB, ä¿®æ”¹æ—¶é—´: 2025-03-26 16:42:36
2025-04-13 04:47:37,748 - backend.app.services.detection - INFO - æ¨¡å‹: yolo11m-seg.pt, å¤§å°: 43.30MB, ä¿®æ”¹æ—¶é—´: 2025-03-18 06:56:23
2025-04-13 04:47:37,748 - backend.app.services.detection - INFO - æ¨¡å‹: 0908.pt, å¤§å°: 5.02MB, ä¿®æ”¹æ—¶é—´: 2025-03-26 19:37:04
2025-04-13 04:47:37,749 - werkzeug - INFO - 127.0.0.1 - - [13/Apr/2025 04:47:37] "GET /api/detection/model/status HTTP/1.1" 200 -
2025-04-13 04:48:04,804 - backend.app.services.detection - INFO - æ­£åœ¨æ‰«ææ¨¡å‹ç›®å½•: /mnt/data/Code/yyh/yolov11/backend/models
2025-04-13 04:48:04,805 - backend.app.services.detection - INFO - æ‰¾åˆ° 6 ä¸ªæ¨¡å‹æ–‡ä»¶
2025-04-13 04:48:04,805 - backend.app.services.detection - INFO - æ¨¡å‹: tower_crane.pt, å¤§å°: 49.63MB, ä¿®æ”¹æ—¶é—´: 2025-03-26 19:37:16
2025-04-13 04:48:04,805 - backend.app.services.detection - INFO - æ¨¡å‹: backend_model.pt, å¤§å°: 15.82MB, ä¿®æ”¹æ—¶é—´: 2025-04-11 08:48:45
2025-04-13 04:48:04,805 - backend.app.services.detection - INFO - æ¨¡å‹: best_model.pt, å¤§å°: 15.78MB, ä¿®æ”¹æ—¶é—´: 2025-03-25 22:24:09
2025-04-13 04:48:04,805 - backend.app.services.detection - INFO - æ¨¡å‹: best.pt, å¤§å°: 43.08MB, ä¿®æ”¹æ—¶é—´: 2025-03-26 16:42:36
2025-04-13 04:48:04,805 - backend.app.services.detection - INFO - æ¨¡å‹: yolo11m-seg.pt, å¤§å°: 43.30MB, ä¿®æ”¹æ—¶é—´: 2025-03-18 06:56:23
2025-04-13 04:48:04,805 - backend.app.services.detection - INFO - æ¨¡å‹: 0908.pt, å¤§å°: 5.02MB, ä¿®æ”¹æ—¶é—´: 2025-03-26 19:37:04
2025-04-13 04:48:04,806 - werkzeug - INFO - 127.0.0.1 - - [13/Apr/2025 04:48:04] "GET /api/detection/model/status HTTP/1.1" 200 -
2025-04-13 04:48:35,127 - backend.app.services.detection - INFO - æ­£åœ¨æ‰«ææ¨¡å‹ç›®å½•: /mnt/data/Code/yyh/yolov11/backend/models
2025-04-13 04:48:35,127 - backend.app.services.detection - INFO - æ‰¾åˆ° 6 ä¸ªæ¨¡å‹æ–‡ä»¶
2025-04-13 04:48:35,127 - backend.app.services.detection - INFO - æ¨¡å‹: tower_crane.pt, å¤§å°: 49.63MB, ä¿®æ”¹æ—¶é—´: 2025-03-26 19:37:16
2025-04-13 04:48:35,127 - backend.app.services.detection - INFO - æ¨¡å‹: backend_model.pt, å¤§å°: 15.82MB, ä¿®æ”¹æ—¶é—´: 2025-04-11 08:48:45
2025-04-13 04:48:35,127 - backend.app.services.detection - INFO - æ¨¡å‹: best_model.pt, å¤§å°: 15.78MB, ä¿®æ”¹æ—¶é—´: 2025-03-25 22:24:09
2025-04-13 04:48:35,128 - backend.app.services.detection - INFO - æ¨¡å‹: best.pt, å¤§å°: 43.08MB, ä¿®æ”¹æ—¶é—´: 2025-03-26 16:42:36
2025-04-13 04:48:35,128 - backend.app.services.detection - INFO - æ¨¡å‹: yolo11m-seg.pt, å¤§å°: 43.30MB, ä¿®æ”¹æ—¶é—´: 2025-03-18 06:56:23
2025-04-13 04:48:35,128 - backend.app.services.detection - INFO - æ¨¡å‹: 0908.pt, å¤§å°: 5.02MB, ä¿®æ”¹æ—¶é—´: 2025-03-26 19:37:04
2025-04-13 04:48:35,129 - werkzeug - INFO - 127.0.0.1 - - [13/Apr/2025 04:48:35] "GET /api/detection/model/status HTTP/1.1" 200 -
