2025-04-11 07:29:18,774 - INFO - 开始处理数据集...
2025-04-11 07:29:18,774 - INFO - 图片目录: training/data/imgs
2025-04-11 07:29:18,774 - INFO - 标签目录: training/data/labels
2025-04-11 07:29:18,775 - INFO - 找到 171 个图片文件
2025-04-11 07:29:18,775 - WARNING - 找不到图片对应的标签文件: img_6.png
2025-04-11 07:29:18,776 - WARNING - 找不到图片对应的标签文件: img_55.png
2025-04-11 07:29:18,776 - WARNING - 找不到图片对应的标签文件: img_32.png
2025-04-11 07:29:18,776 - WARNING - 找不到图片对应的标签文件: img_26.png
2025-04-11 07:29:18,776 - WARNING - 找不到图片对应的标签文件: img_9.png
2025-04-11 07:29:18,776 - WARNING - 找不到图片对应的标签文件: img_8.png
2025-04-11 07:29:18,777 - WARNING - 找不到图片对应的标签文件: 12.5.5.11  生活区临水平面布置图.png
2025-04-11 07:29:18,777 - WARNING - 找不到图片对应的标签文件: img_34.png
2025-04-11 07:29:18,777 - WARNING - 找不到图片对应的标签文件: img_52.png
2025-04-11 07:29:18,777 - WARNING - 找不到图片对应的标签文件: img_56.png
2025-04-11 07:29:18,777 - WARNING - 找不到图片对应的标签文件: img_7.png
2025-04-11 07:29:18,777 - WARNING - 找不到图片对应的标签文件: img_33.png
2025-04-11 07:29:18,777 - WARNING - 找不到图片对应的标签文件: 12.5.5.7  生活区平面布置图.png
2025-04-11 07:29:18,778 - WARNING - 找不到图片对应的标签文件: img_41.png
2025-04-11 07:29:18,778 - INFO - 成功匹配 157 对图片和标签
2025-04-11 07:29:18,778 - WARNING - 有 14 个图片没有找到对应的标签文件
2025-04-11 07:29:18,844 - INFO - 成功处理: img_119.png
2025-04-11 07:29:18,858 - INFO - 成功处理: 6.jpg
2025-04-11 07:29:18,866 - INFO - 成功处理: img_36.png
2025-04-11 07:29:18,894 - INFO - 成功处理: img_103.png
2025-04-11 07:29:19,361 - INFO - 成功处理: 2商业广场工程施工主体结构施工阶段现场总平面布置图.jpg
2025-04-11 07:29:19,368 - INFO - 成功处理: img_11.png
2025-04-11 07:29:19,387 - INFO - 成功处理: img_92.png
2025-04-11 07:29:19,424 - INFO - 成功处理: img_137.png
2025-04-11 07:29:19,930 - INFO - 成功处理: 12_5_5_1__土方开挖施工阶段平面布置图.png
2025-04-11 07:29:19,943 - INFO - 成功处理: img_29.png
2025-04-11 07:29:19,957 - INFO - 成功处理: 12_5_5_13__主体结构临电平面布置图.png
2025-04-11 07:29:20,007 - INFO - 成功处理: img_118.png
2025-04-11 07:29:20,019 - INFO - 成功处理: img_22.png
2025-04-11 07:29:20,039 - INFO - 成功处理: img_104.png
2025-04-11 07:29:20,074 - INFO - 成功处理: img_129.png
2025-04-11 07:29:20,092 - INFO - 成功处理: img_66.png
2025-04-11 07:29:20,095 - INFO - 成功处理: img_4.png
2025-04-11 07:29:20,110 - INFO - 成功处理: 12_5_5_10__装饰装修施工阶段临水平面布置图.png
2025-04-11 07:29:20,139 - INFO - 成功处理: img_96.png
2025-04-11 07:29:20,192 - INFO - 成功处理: img_113.png
2025-04-11 07:29:20,211 - INFO - 成功处理: img_79.jpg
2025-04-11 07:29:20,259 - INFO - 成功处理: img_122.png
2025-04-11 07:29:20,312 - INFO - 成功处理: img_109.png
2025-04-11 07:29:20,358 - INFO - 成功处理: img_78.jpg
2025-04-11 07:29:20,367 - INFO - 成功处理: img_47.png
2025-04-11 07:29:20,374 - ERROR - 文件 training/data/labels/img_91.txt 中没有有效的标签框
2025-04-11 07:29:20,374 - ERROR - 标签处理失败: img_91.txt
2025-04-11 07:29:20,380 - INFO - 成功处理: img_16.png
2025-04-11 07:29:20,424 - INFO - 成功处理: img_76.jpg
2025-04-11 07:29:20,433 - INFO - 成功处理: img_42.png
2025-04-11 07:29:20,436 - INFO - 成功处理: img_0.png
2025-04-11 07:29:20,451 - INFO - 成功处理: img_63.png
2025-04-11 07:29:20,469 - INFO - 成功处理: img_67.png
2025-04-11 07:29:20,924 - INFO - 成功处理: 13住宅工程施工平面布置图临水.jpg
2025-04-11 07:29:20,953 - INFO - 成功处理: img_97.png
2025-04-11 07:29:20,985 - INFO - 成功处理: img_131.png
2025-04-11 07:29:21,035 - INFO - 成功处理: img_123.png
2025-04-11 07:29:21,044 - INFO - 成功处理: img_39.png
2025-04-11 07:29:21,091 - INFO - 成功处理: img_128.png
2025-04-11 07:29:21,096 - INFO - 成功处理: img_81.jpg
2025-04-11 07:29:21,147 - INFO - 成功处理: img_126.png
2025-04-11 07:29:21,150 - INFO - 成功处理: img_2.png
2025-04-11 07:29:21,168 - INFO - 成功处理: img_64.png
2025-04-11 07:29:21,215 - INFO - 成功处理: img_117.png
2025-04-11 07:29:21,235 - INFO - 成功处理: img_30.png
2025-04-11 07:29:21,240 - INFO - 成功处理: 10.jpg
2025-04-11 07:29:21,256 - INFO - 成功处理: img_59.png
2025-04-11 07:29:21,308 - INFO - 成功处理: img_115.png
2025-04-11 07:29:21,759 - INFO - 成功处理: 2商业广场工程施工现场平面布置图主体装修临时临电消防模型.jpg
2025-04-11 07:29:22,172 - INFO - 成功处理: 12_5_5_5__园林绿化施工阶段平面布置图.png
2025-04-11 07:29:22,628 - INFO - 成功处理: 2商业广场工程施工现场临电平面布置图.jpg
2025-04-11 07:29:23,073 - INFO - 成功处理: 2商业广场工程施工工程装饰装修施工阶段现场总平面布置图.jpg
2025-04-11 07:29:23,093 - INFO - 成功处理: img_130.png
2025-04-11 07:29:23,103 - INFO - 成功处理: img_27.png
2025-04-11 07:29:23,115 - INFO - 成功处理: img_23.png
2025-04-11 07:29:23,148 - INFO - 成功处理: img_75.jpg
2025-04-11 07:29:23,168 - INFO - 成功处理: img_62.png
2025-04-11 07:29:23,175 - INFO - 成功处理: img_14.png
2025-04-11 07:29:23,182 - INFO - 成功处理: 3.jpg
2025-04-11 07:29:23,236 - INFO - 成功处理: img_124.png
2025-04-11 07:29:23,261 - INFO - 成功处理: img_77.jpg
2025-04-11 07:29:23,278 - INFO - 成功处理: img_69.png
2025-04-11 07:29:23,299 - INFO - 成功处理: img_86.png
2025-04-11 07:29:23,316 - INFO - 成功处理: img_60.png
2025-04-11 07:29:23,342 - INFO - 成功处理: img_105.png
2025-04-11 07:29:23,396 - INFO - 成功处理: img_125.png
2025-04-11 07:29:23,423 - INFO - 成功处理: img_135.png
2025-04-11 07:29:23,452 - INFO - 成功处理: img_138.jpg
2025-04-11 07:29:23,947 - INFO - 成功处理: 12_5_5_3__主体结构施工阶段平面布置图.png
2025-04-11 07:29:23,968 - INFO - 成功处理: img_85.png
2025-04-11 07:29:23,993 - INFO - 成功处理: img_74.jpg
2025-04-11 07:29:24,067 - INFO - 成功处理: img_70.png
2025-04-11 07:29:24,085 - INFO - 成功处理: img_134.png
2025-04-11 07:29:24,094 - INFO - 成功处理: img_37.png
2025-04-11 07:29:24,108 - INFO - 成功处理: 12_5_5_12__基础阶段临电平面布置图.png
2025-04-11 07:29:24,129 - INFO - 成功处理: img_82.png
2025-04-11 07:29:24,137 - INFO - 成功处理: img_49.png
2025-04-11 07:29:24,153 - INFO - 成功处理: img_19.png
2025-04-11 07:29:24,159 - INFO - 成功处理: img_15.png
2025-04-11 07:29:24,169 - INFO - 成功处理: img_28.png
2025-04-11 07:29:24,178 - INFO - 成功处理: img_45.png
2025-04-11 07:29:24,194 - INFO - 成功处理: img_61.png
2025-04-11 07:29:24,634 - INFO - 成功处理: 1博物馆工程施工现场平面布置图6张模型.jpg
2025-04-11 07:29:24,641 - INFO - 成功处理: img_17.png
2025-04-11 07:29:24,685 - INFO - 成功处理: img_116.png
2025-04-11 07:29:24,692 - INFO - 成功处理: img_54.png
2025-04-11 07:29:24,718 - INFO - 成功处理: img_101.png
2025-04-11 07:29:24,739 - INFO - 成功处理: img_132.png
2025-04-11 07:29:24,746 - ERROR - 文件 training/data/labels/img_89.txt 中没有有效的标签框
2025-04-11 07:29:24,746 - ERROR - 标签处理失败: img_89.txt
2025-04-11 07:29:24,752 - INFO - 成功处理: img_53.png
2025-04-11 07:29:24,758 - INFO - 成功处理: img_57.png
2025-04-11 07:29:24,765 - INFO - 成功处理: img_10.png
2025-04-11 07:29:24,794 - INFO - 成功处理: img_98.png
2025-04-11 07:29:24,819 - INFO - 成功处理: img_100.png
2025-04-11 07:29:24,845 - INFO - 成功处理: img_102.png
2025-04-11 07:29:24,858 - INFO - 成功处理: img_38.png
2025-04-11 07:29:24,862 - INFO - 成功处理: img_5.png
2025-04-11 07:29:24,866 - INFO - 成功处理: img_1.png
2025-04-11 07:29:24,889 - INFO - 成功处理: img_84.png
2025-04-11 07:29:24,897 - ERROR - 文件 training/data/labels/img_51.txt 中没有有效的标签框
2025-04-11 07:29:24,897 - ERROR - 标签处理失败: img_51.txt
2025-04-11 07:29:24,924 - INFO - 成功处理: img_80.png
2025-04-11 07:29:24,931 - INFO - 成功处理: 2.jpg
2025-04-11 07:29:24,938 - INFO - 成功处理: 5.jpg
2025-04-11 07:29:25,401 - INFO - 成功处理: 2商业广场工程施工地下室结构施工阶段现场总平面布置图.jpg
2025-04-11 07:29:25,408 - INFO - 成功处理: 4.jpg
2025-04-11 07:29:25,419 - ERROR - 文件 training/data/labels/img_90.txt 中没有有效的标签框
2025-04-11 07:29:25,420 - ERROR - 标签处理失败: img_90.txt
2025-04-11 07:29:25,424 - INFO - 成功处理: img_58.png
2025-04-11 07:29:25,474 - INFO - 成功处理: img_110.png
2025-04-11 07:29:25,483 - INFO - 成功处理: img_43.png
2025-04-11 07:29:25,492 - INFO - 成功处理: img_44.png
2025-04-11 07:29:25,537 - INFO - 成功处理: img_108.png
2025-04-11 07:29:25,546 - INFO - 成功处理: img_46.png
2025-04-11 07:29:25,549 - INFO - 成功处理: 9.jpg
2025-04-11 07:29:25,576 - INFO - 成功处理: img_106.png
2025-04-11 07:29:25,585 - INFO - 成功处理: img_48.png
2025-04-11 07:29:25,591 - INFO - 成功处理: img_31.png
2025-04-11 07:29:25,611 - INFO - 成功处理: img_83.png
2025-04-11 07:29:25,620 - INFO - 成功处理: img_40.png
2025-04-11 07:29:25,627 - INFO - 成功处理: img_71.png
2025-04-11 07:29:25,678 - INFO - 成功处理: img_112.png
2025-04-11 07:29:25,693 - INFO - 成功处理: img_65.png
2025-04-11 07:29:26,142 - INFO - 成功处理: 13住宅工程施工平面布置图临电.jpg
2025-04-11 07:29:26,157 - INFO - 成功处理: 12_5_5_9__主体结构施工阶段临水平面布置图.png
2025-04-11 07:29:26,214 - INFO - 成功处理: img_111.png
2025-04-11 07:29:26,225 - INFO - 成功处理: img_18.png
2025-04-11 07:29:26,248 - INFO - 成功处理: img_99.png
2025-04-11 07:29:26,275 - INFO - 成功处理: img_107.png
2025-04-11 07:29:26,701 - INFO - 成功处理: 2商业广场工程施工现场临水平面布置图.jpg
2025-04-11 07:29:26,727 - INFO - 成功处理: img_95.png
2025-04-11 07:29:26,765 - INFO - 成功处理: img_136.png
2025-04-11 07:29:26,772 - INFO - 成功处理: img_12.png
2025-04-11 07:29:26,818 - INFO - 成功处理: img_120.png
2025-04-11 07:29:26,821 - INFO - 成功处理: img_3.png
2025-04-11 07:29:27,261 - INFO - 成功处理: 13住宅工程施工平面布置图总平面.jpg
2025-04-11 07:29:27,277 - INFO - 成功处理: 12_5_5_15__生活区临电平面布置图.png
2025-04-11 07:29:27,319 - INFO - 成功处理: img_121.png
2025-04-11 07:29:27,329 - INFO - 成功处理: img_25.png
2025-04-11 07:29:27,344 - INFO - 成功处理: 12_5_5_14__装饰装修阶段临电平面布置图.png
2025-04-11 07:29:27,352 - INFO - 成功处理: img_35.png
2025-04-11 07:29:27,378 - INFO - 成功处理: img_73.jpg
2025-04-11 07:29:27,383 - INFO - 成功处理: 1.jpg
2025-04-11 07:29:27,390 - INFO - 成功处理: 7.jpg
2025-04-11 07:29:27,704 - INFO - 成功处理: 12_5_5_6__视频监控平面布置图.png
2025-04-11 07:29:27,729 - INFO - 成功处理: img_72.jpg
2025-04-11 07:29:27,744 - INFO - 成功处理: img_24.png
2025-04-11 07:29:27,759 - INFO - 成功处理: 12_5_5_8__基础阶段临水平面布置图.png
2025-04-11 07:29:27,772 - INFO - 成功处理: img_21.png
2025-04-11 07:29:27,808 - INFO - 成功处理: img_133.png
2025-04-11 07:29:27,828 - INFO - 成功处理: img_87.png
2025-04-11 07:29:27,842 - INFO - 成功处理: img_88.png
2025-04-11 07:29:27,890 - INFO - 成功处理: img_127.png
2025-04-11 07:29:28,327 - INFO - 成功处理: 12_5_5_4__装饰装修施工阶段平面布置图.png
2025-04-11 07:29:28,338 - INFO - 成功处理: img_20.png
2025-04-11 07:29:28,344 - INFO - 成功处理: 8.jpg
2025-04-11 07:29:28,353 - INFO - 成功处理: img_50.png
2025-04-11 07:29:28,371 - INFO - 成功处理: img_68.png
2025-04-11 07:29:28,421 - INFO - 成功处理: img_114.png
2025-04-11 07:29:28,429 - INFO - 成功处理: img_13.png
2025-04-11 07:29:28,429 - INFO - 开始处理未匹配的图片...
2025-04-11 07:29:28,429 - INFO - 未匹配图片已经是标准化名称: img_6.png
2025-04-11 07:29:28,430 - INFO - 未匹配图片已经是标准化名称: img_55.png
2025-04-11 07:29:28,430 - INFO - 未匹配图片已经是标准化名称: img_32.png
2025-04-11 07:29:28,430 - INFO - 未匹配图片已经是标准化名称: img_26.png
2025-04-11 07:29:28,430 - INFO - 未匹配图片已经是标准化名称: img_9.png
2025-04-11 07:29:28,430 - INFO - 未匹配图片已经是标准化名称: img_8.png
2025-04-11 07:29:28,430 - INFO - 成功重命名未匹配图片: 12.5.5.11  生活区临水平面布置图.png -> 12_5_5_11__生活区临水平面布置图.png
2025-04-11 07:29:28,430 - INFO - 未匹配图片已经是标准化名称: img_34.png
2025-04-11 07:29:28,430 - INFO - 未匹配图片已经是标准化名称: img_52.png
2025-04-11 07:29:28,430 - INFO - 未匹配图片已经是标准化名称: img_56.png
2025-04-11 07:29:28,430 - INFO - 未匹配图片已经是标准化名称: img_7.png
2025-04-11 07:29:28,430 - INFO - 未匹配图片已经是标准化名称: img_33.png
2025-04-11 07:29:28,430 - INFO - 成功重命名未匹配图片: 12.5.5.7  生活区平面布置图.png -> 12_5_5_7__生活区平面布置图.png
2025-04-11 07:29:28,430 - INFO - 未匹配图片已经是标准化名称: img_41.png
2025-04-11 07:29:28,431 - INFO - 
处理总结:
2025-04-11 07:29:28,431 - INFO - 总共找到的图片: 171
2025-04-11 07:29:28,431 - INFO - 成功匹配的图片-标签对: 157
2025-04-11 07:29:28,431 - INFO - 成功处理的图片-标签对: 153
2025-04-11 07:29:28,431 - INFO - 处理失败的图片-标签对: 4
2025-04-11 07:29:28,431 - INFO - 未匹配图片总数: 14
2025-04-11 07:29:28,431 - INFO - 成功重命名的未匹配图片: 14
2025-04-11 07:29:28,431 - INFO - 重命名失败的未匹配图片: 0
2025-04-11 07:29:28,431 - INFO - 
处理失败的文件列表:
2025-04-11 07:29:28,431 - INFO - 图片: img_91.png, 标签: img_91.txt
2025-04-11 07:29:28,431 - INFO - 图片: img_89.png, 标签: img_89.txt
2025-04-11 07:29:28,431 - INFO - 图片: img_51.png, 标签: img_51.txt
2025-04-11 07:29:28,431 - INFO - 图片: img_90.png, 标签: img_90.txt
2025-04-11 07:29:28,431 - INFO - 
未找到标签的图片列表（重命名后）:
2025-04-11 07:29:28,431 - INFO - 图片: img_6.png
2025-04-11 07:29:28,431 - INFO - 图片: img_55.png
2025-04-11 07:29:28,431 - INFO - 图片: img_32.png
2025-04-11 07:29:28,431 - INFO - 图片: img_26.png
2025-04-11 07:29:28,431 - INFO - 图片: img_9.png
2025-04-11 07:29:28,431 - INFO - 图片: img_8.png
2025-04-11 07:29:28,431 - INFO - 图片: 12_5_5_11__生活区临水平面布置图.png
2025-04-11 07:29:28,431 - INFO - 图片: img_34.png
2025-04-11 07:29:28,431 - INFO - 图片: img_52.png
2025-04-11 07:29:28,431 - INFO - 图片: img_56.png
2025-04-11 07:29:28,432 - INFO - 图片: img_7.png
2025-04-11 07:29:28,432 - INFO - 图片: img_33.png
2025-04-11 07:29:28,432 - INFO - 图片: 12_5_5_7__生活区平面布置图.png
2025-04-11 07:29:28,432 - INFO - 图片: img_41.png
