2025-04-11 07:17:11,466 - INFO - 开始处理数据集...
2025-04-11 07:17:11,467 - INFO - 图片目录: training/data/imgs
2025-04-11 07:17:11,467 - INFO - 标签目录: training/data/labels
2025-04-11 07:17:11,468 - INFO - 找到 171 个图片文件
2025-04-11 07:17:11,468 - WARNING - 找不到图片对应的标签文件: img_6.png
2025-04-11 07:17:11,468 - WARNING - 找不到图片对应的标签文件: img_55.png
2025-04-11 07:17:11,468 - WARNING - 找不到图片对应的标签文件: img_32.png
2025-04-11 07:17:11,468 - WARNING - 找不到图片对应的标签文件: img_26.png
2025-04-11 07:17:11,469 - WARNING - 找不到图片对应的标签文件: img_9.png
2025-04-11 07:17:11,469 - WARNING - 找不到图片对应的标签文件: img_8.png
2025-04-11 07:17:11,469 - WARNING - 找不到图片对应的标签文件: 12.5.5.11  生活区临水平面布置图.png
2025-04-11 07:17:11,469 - WARNING - 找不到图片对应的标签文件: img_34.png
2025-04-11 07:17:11,469 - WARNING - 找不到图片对应的标签文件: img_52.png
2025-04-11 07:17:11,469 - WARNING - 找不到图片对应的标签文件: img_56.png
2025-04-11 07:17:11,470 - WARNING - 找不到图片对应的标签文件: img_7.png
2025-04-11 07:17:11,470 - WARNING - 找不到图片对应的标签文件: img_33.png
2025-04-11 07:17:11,470 - WARNING - 找不到图片对应的标签文件: 12.5.5.7  生活区平面布置图.png
2025-04-11 07:17:11,470 - WARNING - 找不到图片对应的标签文件: img_41.png
2025-04-11 07:17:11,470 - INFO - 成功匹配 157 对图片和标签
2025-04-11 07:17:11,470 - WARNING - 有 14 个图片没有找到对应的标签文件
2025-04-11 07:17:11,958 - INFO - 成功处理: 2-商业广场工程施工地下室结构施工阶段现场总平面布置图.jpg
2025-04-11 07:17:12,025 - INFO - 成功处理: img_119.png
2025-04-11 07:17:12,045 - WARNING - 标签框 10 1.959848443547947 0.6422026061370321 0.7789024174108521 1.2011271158106145 在裁剪后无效，已忽略 (文件: training/data/labels/12.5.5.8  基础阶段临水平面布置图.txt)
2025-04-11 07:17:12,045 - WARNING - 标签框 10 1.4255846917080086 1.4450609499789828 0.8406540223014599 1.2963528147184264 在裁剪后无效，已忽略 (文件: training/data/labels/12.5.5.8  基础阶段临水平面布置图.txt)
2025-04-11 07:17:12,045 - WARNING - 标签框 10 2.164286103690781 1.4744850777637664 0.7789024174108508 1.201127115810613 在裁剪后无效，已忽略 (文件: training/data/labels/12.5.5.8  基础阶段临水平面布置图.txt)
2025-04-11 07:17:12,045 - WARNING - 标签框 10 1.417407185302295 2.105002101723413 0.7789024174108526 1.201127115810615 在裁剪后无效，已忽略 (文件: training/data/labels/12.5.5.8  基础阶段临水平面布置图.txt)
2025-04-11 07:17:12,045 - WARNING - 标签框 10 1.9244125824565226 2.323581336696091 0.7789024174108514 1.2011271158106143 在裁剪后无效，已忽略 (文件: training/data/labels/12.5.5.8  基础阶段临水平面布置图.txt)
2025-04-11 07:17:12,046 - INFO - 成功处理: 12.5.5.8  基础阶段临水平面布置图.png
2025-04-11 07:17:12,055 - INFO - 成功处理: 6.jpg
2025-04-11 07:17:12,064 - INFO - 成功处理: img_36.png
2025-04-11 07:17:12,092 - INFO - 成功处理: img_103.png
2025-04-11 07:17:12,099 - INFO - 成功处理: img_11.png
2025-04-11 07:17:12,117 - INFO - 成功处理: img_92.png
2025-04-11 07:17:12,154 - INFO - 成功处理: img_137.png
2025-04-11 07:17:12,167 - INFO - 成功处理: img_29.png
2025-04-11 07:17:12,614 - INFO - 成功处理: 2-商业广场工程施工现场平面布置图（主体、装修、临时临电、消防）-模型.jpg
2025-04-11 07:17:12,663 - INFO - 成功处理: img_118.png
2025-04-11 07:17:12,676 - INFO - 成功处理: img_22.png
2025-04-11 07:17:12,695 - INFO - 成功处理: img_104.png
2025-04-11 07:17:12,731 - INFO - 成功处理: img_129.png
2025-04-11 07:17:12,749 - INFO - 成功处理: img_66.png
2025-04-11 07:17:12,752 - INFO - 成功处理: img_4.png
2025-04-11 07:17:12,781 - INFO - 成功处理: img_96.png
2025-04-11 07:17:12,833 - INFO - 成功处理: img_113.png
2025-04-11 07:17:12,853 - INFO - 成功处理: img_79.jpg
2025-04-11 07:17:12,871 - INFO - 成功处理: 12.5.5.12  基础阶段临电平面布置图.png
2025-04-11 07:17:12,920 - INFO - 成功处理: img_122.png
2025-04-11 07:17:12,971 - INFO - 成功处理: img_109.png
2025-04-11 07:17:12,987 - INFO - 成功处理: 12.5.5.15  生活区临电平面布置图.png
2025-04-11 07:17:13,026 - INFO - 成功处理: img_78.jpg
2025-04-11 07:17:13,034 - INFO - 成功处理: img_47.png
2025-04-11 07:17:13,040 - ERROR - 文件 training/data/labels/img_91.txt 中没有有效的标签框
2025-04-11 07:17:13,040 - ERROR - 标签处理失败: img_91.txt
2025-04-11 07:17:13,046 - INFO - 成功处理: img_16.png
2025-04-11 07:17:13,090 - INFO - 成功处理: img_76.jpg
2025-04-11 07:17:13,100 - INFO - 成功处理: img_42.png
2025-04-11 07:17:13,103 - INFO - 成功处理: img_0.png
2025-04-11 07:17:13,120 - INFO - 成功处理: img_63.png
2025-04-11 07:17:13,137 - INFO - 成功处理: img_67.png
2025-04-11 07:17:13,166 - INFO - 成功处理: img_97.png
2025-04-11 07:17:13,482 - INFO - 成功处理: 12.5.5.6  视频监控平面布置图.png
2025-04-11 07:17:13,512 - INFO - 成功处理: img_131.png
2025-04-11 07:17:13,563 - INFO - 成功处理: img_123.png
2025-04-11 07:17:13,573 - INFO - 成功处理: img_39.png
2025-04-11 07:17:13,619 - INFO - 成功处理: img_128.png
2025-04-11 07:17:13,624 - INFO - 成功处理: img_81.jpg
2025-04-11 07:17:13,675 - INFO - 成功处理: img_126.png
2025-04-11 07:17:14,088 - INFO - 成功处理: 12.5.5.5  园林绿化施工阶段平面布置图.png
2025-04-11 07:17:14,091 - INFO - 成功处理: img_2.png
2025-04-11 07:17:14,105 - INFO - 成功处理: 12.5.5.13  主体结构临电平面布置图.png
2025-04-11 07:17:14,123 - INFO - 成功处理: img_64.png
2025-04-11 07:17:14,169 - INFO - 成功处理: img_117.png
2025-04-11 07:17:14,189 - INFO - 成功处理: img_30.png
2025-04-11 07:17:14,194 - INFO - 成功处理: 10.jpg
2025-04-11 07:17:14,210 - INFO - 成功处理: img_59.png
2025-04-11 07:17:14,717 - INFO - 成功处理: 12.5.5.1  土方开挖施工阶段平面布置图.png
2025-04-11 07:17:14,770 - INFO - 成功处理: img_115.png
2025-04-11 07:17:14,785 - INFO - 成功处理: 12.5.5.9  主体结构施工阶段临水平面布置图.png
2025-04-11 07:17:15,281 - INFO - 成功处理: 12.5.5.3  主体结构施工阶段平面布置图.png
2025-04-11 07:17:15,742 - INFO - 成功处理: 13-住宅工程施工平面布置图-总平面.jpg
2025-04-11 07:17:15,761 - INFO - 成功处理: img_130.png
2025-04-11 07:17:15,770 - INFO - 成功处理: img_27.png
2025-04-11 07:17:15,783 - INFO - 成功处理: img_23.png
2025-04-11 07:17:15,816 - INFO - 成功处理: img_75.jpg
2025-04-11 07:17:16,291 - INFO - 成功处理: 1-博物馆工程施工现场平面布置图(6张)-模型.jpg
2025-04-11 07:17:16,314 - INFO - 成功处理: img_62.png
2025-04-11 07:17:16,324 - INFO - 成功处理: img_14.png
2025-04-11 07:17:16,331 - INFO - 成功处理: 3.jpg
2025-04-11 07:17:16,382 - INFO - 成功处理: img_124.png
2025-04-11 07:17:16,409 - INFO - 成功处理: img_77.jpg
2025-04-11 07:17:16,427 - INFO - 成功处理: img_69.png
2025-04-11 07:17:16,448 - INFO - 成功处理: img_86.png
2025-04-11 07:17:16,465 - INFO - 成功处理: img_60.png
2025-04-11 07:17:16,488 - INFO - 成功处理: img_105.png
2025-04-11 07:17:16,541 - INFO - 成功处理: img_125.png
2025-04-11 07:17:16,570 - INFO - 成功处理: img_135.png
2025-04-11 07:17:16,597 - INFO - 成功处理: img_138.jpg
2025-04-11 07:17:16,620 - INFO - 成功处理: img_85.png
2025-04-11 07:17:16,646 - INFO - 成功处理: img_74.jpg
2025-04-11 07:17:16,719 - INFO - 成功处理: img_70.png
2025-04-11 07:17:16,737 - INFO - 成功处理: img_134.png
2025-04-11 07:17:16,746 - INFO - 成功处理: img_37.png
2025-04-11 07:17:16,768 - INFO - 成功处理: img_82.png
2025-04-11 07:17:16,777 - INFO - 成功处理: img_49.png
2025-04-11 07:17:16,794 - INFO - 成功处理: img_19.png
2025-04-11 07:17:16,800 - INFO - 成功处理: img_15.png
2025-04-11 07:17:16,809 - INFO - 成功处理: img_28.png
2025-04-11 07:17:16,818 - INFO - 成功处理: img_45.png
2025-04-11 07:17:16,833 - INFO - 成功处理: img_61.png
2025-04-11 07:17:16,839 - INFO - 成功处理: img_17.png
2025-04-11 07:17:17,278 - INFO - 成功处理: 2-商业广场工程施工工程装饰装修施工阶段现场总平面布置图.jpg
2025-04-11 07:17:17,322 - INFO - 成功处理: img_116.png
2025-04-11 07:17:17,329 - INFO - 成功处理: img_54.png
2025-04-11 07:17:17,356 - INFO - 成功处理: img_101.png
2025-04-11 07:17:17,379 - INFO - 成功处理: img_132.png
2025-04-11 07:17:17,386 - ERROR - 文件 training/data/labels/img_89.txt 中没有有效的标签框
2025-04-11 07:17:17,386 - ERROR - 标签处理失败: img_89.txt
2025-04-11 07:17:17,392 - INFO - 成功处理: img_53.png
2025-04-11 07:17:17,835 - INFO - 成功处理: 13-住宅工程施工平面布置图-临水.jpg
2025-04-11 07:17:17,841 - INFO - 成功处理: img_57.png
2025-04-11 07:17:17,848 - INFO - 成功处理: img_10.png
2025-04-11 07:17:17,877 - INFO - 成功处理: img_98.png
2025-04-11 07:17:17,902 - INFO - 成功处理: img_100.png
2025-04-11 07:17:17,928 - INFO - 成功处理: img_102.png
2025-04-11 07:17:17,940 - INFO - 成功处理: img_38.png
2025-04-11 07:17:17,943 - INFO - 成功处理: img_5.png
2025-04-11 07:17:17,946 - INFO - 成功处理: img_1.png
2025-04-11 07:17:17,966 - INFO - 成功处理: img_84.png
2025-04-11 07:17:18,418 - INFO - 成功处理: 2-商业广场工程施工主体结构施工阶段现场总平面布置图.jpg
2025-04-11 07:17:18,425 - ERROR - 文件 training/data/labels/img_51.txt 中没有有效的标签框
2025-04-11 07:17:18,425 - ERROR - 标签处理失败: img_51.txt
2025-04-11 07:17:18,449 - INFO - 成功处理: img_80.png
2025-04-11 07:17:18,456 - INFO - 成功处理: 2.jpg
2025-04-11 07:17:18,462 - INFO - 成功处理: 5.jpg
2025-04-11 07:17:18,477 - INFO - 成功处理: 12.5.5.10  装饰装修施工阶段临水平面布置图.png
2025-04-11 07:17:18,482 - INFO - 成功处理: 4.jpg
2025-04-11 07:17:18,912 - INFO - 成功处理: 2-商业广场工程施工现场临电平面布置图.jpg
2025-04-11 07:17:18,921 - ERROR - 文件 training/data/labels/img_90.txt 中没有有效的标签框
2025-04-11 07:17:18,921 - ERROR - 标签处理失败: img_90.txt
2025-04-11 07:17:18,925 - INFO - 成功处理: img_58.png
2025-04-11 07:17:18,976 - INFO - 成功处理: img_110.png
2025-04-11 07:17:18,986 - INFO - 成功处理: img_43.png
2025-04-11 07:17:18,995 - INFO - 成功处理: img_44.png
2025-04-11 07:17:19,037 - INFO - 成功处理: img_108.png
2025-04-11 07:17:19,048 - INFO - 成功处理: img_46.png
2025-04-11 07:17:19,051 - INFO - 成功处理: 9.jpg
2025-04-11 07:17:19,077 - INFO - 成功处理: img_106.png
2025-04-11 07:17:19,086 - INFO - 成功处理: img_48.png
2025-04-11 07:17:19,092 - INFO - 成功处理: img_31.png
2025-04-11 07:17:19,113 - INFO - 成功处理: img_83.png
2025-04-11 07:17:19,122 - INFO - 成功处理: img_40.png
2025-04-11 07:17:19,129 - INFO - 成功处理: img_71.png
2025-04-11 07:17:19,180 - INFO - 成功处理: img_112.png
2025-04-11 07:17:19,195 - INFO - 成功处理: img_65.png
2025-04-11 07:17:19,633 - INFO - 成功处理: 13-住宅工程施工平面布置图-临电.jpg
2025-04-11 07:17:19,690 - INFO - 成功处理: img_111.png
2025-04-11 07:17:19,701 - INFO - 成功处理: img_18.png
2025-04-11 07:17:19,724 - INFO - 成功处理: img_99.png
2025-04-11 07:17:19,749 - INFO - 成功处理: img_107.png
2025-04-11 07:17:19,776 - INFO - 成功处理: img_95.png
2025-04-11 07:17:19,812 - INFO - 成功处理: img_136.png
2025-04-11 07:17:19,820 - INFO - 成功处理: img_12.png
2025-04-11 07:17:19,866 - INFO - 成功处理: img_120.png
2025-04-11 07:17:19,869 - INFO - 成功处理: img_3.png
2025-04-11 07:17:19,910 - INFO - 成功处理: img_121.png
2025-04-11 07:17:19,920 - INFO - 成功处理: img_25.png
2025-04-11 07:17:19,929 - INFO - 成功处理: img_35.png
2025-04-11 07:17:19,955 - INFO - 成功处理: img_73.jpg
2025-04-11 07:17:19,960 - INFO - 成功处理: 1.jpg
2025-04-11 07:17:19,968 - INFO - 成功处理: 7.jpg
2025-04-11 07:17:19,992 - INFO - 成功处理: img_72.jpg
2025-04-11 07:17:20,423 - INFO - 成功处理: 2-商业广场工程施工现场临水平面布置图.jpg
2025-04-11 07:17:20,438 - INFO - 成功处理: img_24.png
2025-04-11 07:17:20,451 - INFO - 成功处理: img_21.png
2025-04-11 07:17:20,484 - INFO - 成功处理: img_133.png
2025-04-11 07:17:20,505 - INFO - 成功处理: img_87.png
2025-04-11 07:17:20,519 - INFO - 成功处理: img_88.png
2025-04-11 07:17:20,568 - INFO - 成功处理: img_127.png
2025-04-11 07:17:20,584 - INFO - 成功处理: 12.5.5.14  装饰装修阶段临电平面布置图.png
2025-04-11 07:17:20,595 - INFO - 成功处理: img_20.png
2025-04-11 07:17:20,601 - INFO - 成功处理: 8.jpg
2025-04-11 07:17:20,610 - INFO - 成功处理: img_50.png
2025-04-11 07:17:20,627 - INFO - 成功处理: img_68.png
2025-04-11 07:17:21,072 - INFO - 成功处理: 12.5.5.4  装饰装修施工阶段平面布置图.png
2025-04-11 07:17:21,122 - INFO - 成功处理: img_114.png
2025-04-11 07:17:21,130 - INFO - 成功处理: img_13.png
2025-04-11 07:17:21,130 - INFO - 
处理总结:
2025-04-11 07:17:21,130 - INFO - 总共找到的图片: 171
2025-04-11 07:17:21,130 - INFO - 成功匹配的图片-标签对: 157
2025-04-11 07:17:21,130 - INFO - 成功处理的图片-标签对: 153
2025-04-11 07:17:21,130 - INFO - 处理失败的图片-标签对: 4
2025-04-11 07:17:21,130 - INFO - 
处理失败的文件列表:
2025-04-11 07:17:21,130 - INFO - 图片: img_91.png, 标签: img_91.txt
2025-04-11 07:17:21,130 - INFO - 图片: img_89.png, 标签: img_89.txt
2025-04-11 07:17:21,131 - INFO - 图片: img_51.png, 标签: img_51.txt
2025-04-11 07:17:21,131 - INFO - 图片: img_90.png, 标签: img_90.txt
2025-04-11 07:17:21,131 - INFO - 
未找到标签的图片列表:
2025-04-11 07:17:21,131 - INFO - 图片: img_6.png
2025-04-11 07:17:21,131 - INFO - 图片: img_55.png
2025-04-11 07:17:21,131 - INFO - 图片: img_32.png
2025-04-11 07:17:21,131 - INFO - 图片: img_26.png
2025-04-11 07:17:21,131 - INFO - 图片: img_9.png
2025-04-11 07:17:21,131 - INFO - 图片: img_8.png
2025-04-11 07:17:21,131 - INFO - 图片: 12.5.5.11  生活区临水平面布置图.png
2025-04-11 07:17:21,131 - INFO - 图片: img_34.png
2025-04-11 07:17:21,131 - INFO - 图片: img_52.png
2025-04-11 07:17:21,131 - INFO - 图片: img_56.png
2025-04-11 07:17:21,131 - INFO - 图片: img_7.png
2025-04-11 07:17:21,131 - INFO - 图片: img_33.png
2025-04-11 07:17:21,131 - INFO - 图片: 12.5.5.7  生活区平面布置图.png
2025-04-11 07:17:21,131 - INFO - 图片: img_41.png
