2025-04-11 06:29:01,579 - INFO - 使用设备: cuda
2025-04-11 06:29:01,579 - DEBUG - GPU: NVIDIA GeForce RTX 3090
2025-04-11 06:29:01,579 - DEBUG - 总内存: 23.69 GB
2025-04-11 06:29:01,579 - DEBUG - 可用内存: 0.00 GB
2025-04-11 06:29:01,688 - DEBUG - 使用预训练权重: True
2025-04-11 06:29:01,688 - DEBUG - 预训练模型路径: ../models/pretrained/yolo11m.pt
2025-04-11 06:29:02,146 - INFO - 模型初始化完成
2025-04-11 06:29:02,147 - DEBUG - 模型参数数量: 4.07M
2025-04-11 06:29:02,147 - DEBUG - 
检查数据路径:
2025-04-11 06:29:02,147 - DEBUG - 训练图片目录: training/data/imgs
2025-04-11 06:29:02,147 - DEBUG - 训练标签目录: training/data/labels
2025-04-11 06:29:02,147 - DEBUG - 验证图片目录: training/data/imgs
2025-04-11 06:29:02,147 - DEBUG - 验证标签目录: training/data/labels
2025-04-11 06:29:02,148 - DEBUG - 
检查数据:
2025-04-11 06:29:15,299 - DEBUG - 批次图片形状: torch.Size([16, 3, 320, 320])
2025-04-11 06:29:15,300 - DEBUG - 批次目标形状: torch.Size([16, 24, 5])
2025-04-11 06:29:15,300 - DEBUG - 目标值范围: [0.0000, 10.0000]
2025-04-11 06:29:15,301 - DEBUG - 类别分布: [0.0, 1.0, 2.0, 3.0, 4.0, 5.0, 6.0, 7.0, 10.0]
2025-04-11 06:29:15,303 - INFO - 训练参数设置完成
2025-04-11 06:29:15,303 - INFO - 开始训练...
2025-04-11 06:29:15,303 - INFO - 
Epoch 0/100
2025-04-11 06:29:21,084 - DEBUG - Loss Components: {'xy': tensor(8.1731, device='cuda:0', grad_fn=<SumBackward0>), 'wh': tensor(88.8752, device='cuda:0', grad_fn=<SumBackward0>), 'conf': tensor(4799.3203, device='cuda:0', grad_fn=<SumBackward0>), 'cls': tensor(1263.8368, device='cuda:0', grad_fn=<SumBackward0>)}
2025-04-11 06:29:40,335 - DEBUG - Loss Components: {'xy': tensor([0.], device='cuda:0', requires_grad=True), 'wh': tensor([0.], device='cuda:0', requires_grad=True), 'conf': tensor([0.], device='cuda:0', requires_grad=True), 'cls': tensor([0.], device='cuda:0', requires_grad=True)}
2025-04-11 06:29:43,328 - DEBUG - 验证批次损失: 0.0000, 损失组件: {'xy': tensor([0.], device='cuda:0', requires_grad=True), 'wh': tensor([0.], device='cuda:0', requires_grad=True), 'conf': tensor([0.], device='cuda:0', requires_grad=True), 'cls': tensor([0.], device='cuda:0', requires_grad=True)}
2025-04-11 06:29:49,792 - DEBUG - 验证批次损失: 0.0000, 损失组件: {'xy': tensor([0.], device='cuda:0', requires_grad=True), 'wh': tensor([0.], device='cuda:0', requires_grad=True), 'conf': tensor([0.], device='cuda:0', requires_grad=True), 'cls': tensor([0.], device='cuda:0', requires_grad=True)}
2025-04-11 06:29:49,848 - INFO - Epoch [0/100] Train Loss: 35.0012 Val Loss: 0.0000
2025-04-11 06:29:50,164 - INFO - 保存最佳模型到: ../models/checkpoints/best_model_epoch_0.pth
2025-04-11 06:29:50,165 - INFO - 
Epoch 1/100
2025-04-11 06:29:58,865 - DEBUG - Loss Components: {'xy': tensor([0.], device='cuda:0', requires_grad=True), 'wh': tensor([0.], device='cuda:0', requires_grad=True), 'conf': tensor([0.], device='cuda:0', requires_grad=True), 'cls': tensor([0.], device='cuda:0', requires_grad=True)}
2025-04-11 06:30:12,312 - DEBUG - Loss Components: {'xy': tensor([0.], device='cuda:0', requires_grad=True), 'wh': tensor([0.], device='cuda:0', requires_grad=True), 'conf': tensor([0.], device='cuda:0', requires_grad=True), 'cls': tensor([0.], device='cuda:0', requires_grad=True)}
2025-04-11 06:30:14,310 - DEBUG - 验证批次损失: 0.0000, 损失组件: {'xy': tensor([0.], device='cuda:0', requires_grad=True), 'wh': tensor([0.], device='cuda:0', requires_grad=True), 'conf': tensor([0.], device='cuda:0', requires_grad=True), 'cls': tensor([0.], device='cuda:0', requires_grad=True)}
2025-04-11 06:30:19,476 - DEBUG - 验证批次损失: 0.0000, 损失组件: {'xy': tensor([0.], device='cuda:0', requires_grad=True), 'wh': tensor([0.], device='cuda:0', requires_grad=True), 'conf': tensor([0.], device='cuda:0', requires_grad=True), 'cls': tensor([0.], device='cuda:0', requires_grad=True)}
2025-04-11 06:30:19,549 - INFO - Epoch [1/100] Train Loss: 0.0000 Val Loss: 0.0000
2025-04-11 06:30:19,549 - INFO - 
Epoch 2/100
2025-04-11 06:30:21,428 - DEBUG - Loss Components: {'xy': tensor([0.], device='cuda:0', requires_grad=True), 'wh': tensor([0.], device='cuda:0', requires_grad=True), 'conf': tensor([0.], device='cuda:0', requires_grad=True), 'cls': tensor([0.], device='cuda:0', requires_grad=True)}
2025-04-11 06:30:45,064 - DEBUG - Loss Components: {'xy': tensor([0.], device='cuda:0', requires_grad=True), 'wh': tensor([0.], device='cuda:0', requires_grad=True), 'conf': tensor([0.], device='cuda:0', requires_grad=True), 'cls': tensor([0.], device='cuda:0', requires_grad=True)}
2025-04-11 06:30:47,219 - DEBUG - 验证批次损失: 0.0000, 损失组件: {'xy': tensor([0.], device='cuda:0', requires_grad=True), 'wh': tensor([0.], device='cuda:0', requires_grad=True), 'conf': tensor([0.], device='cuda:0', requires_grad=True), 'cls': tensor([0.], device='cuda:0', requires_grad=True)}
2025-04-11 06:30:52,998 - DEBUG - 验证批次损失: 0.0000, 损失组件: {'xy': tensor([0.], device='cuda:0', requires_grad=True), 'wh': tensor([0.], device='cuda:0', requires_grad=True), 'conf': tensor([0.], device='cuda:0', requires_grad=True), 'cls': tensor([0.], device='cuda:0', requires_grad=True)}
2025-04-11 06:30:53,062 - INFO - Epoch [2/100] Train Loss: 0.0000 Val Loss: 0.0000
2025-04-11 06:30:53,063 - INFO - 
Epoch 3/100
2025-04-11 06:30:57,128 - DEBUG - Loss Components: {'xy': tensor([0.], device='cuda:0', requires_grad=True), 'wh': tensor([0.], device='cuda:0', requires_grad=True), 'conf': tensor([0.], device='cuda:0', requires_grad=True), 'cls': tensor([0.], device='cuda:0', requires_grad=True)}
2025-04-11 06:31:14,896 - DEBUG - Loss Components: {'xy': tensor([0.], device='cuda:0', requires_grad=True), 'wh': tensor([0.], device='cuda:0', requires_grad=True), 'conf': tensor([0.], device='cuda:0', requires_grad=True), 'cls': tensor([0.], device='cuda:0', requires_grad=True)}
2025-04-11 06:31:17,791 - DEBUG - 验证批次损失: 0.0000, 损失组件: {'xy': tensor([0.], device='cuda:0', requires_grad=True), 'wh': tensor([0.], device='cuda:0', requires_grad=True), 'conf': tensor([0.], device='cuda:0', requires_grad=True), 'cls': tensor([0.], device='cuda:0', requires_grad=True)}
2025-04-11 06:31:21,665 - DEBUG - 验证批次损失: 0.0000, 损失组件: {'xy': tensor([0.], device='cuda:0', requires_grad=True), 'wh': tensor([0.], device='cuda:0', requires_grad=True), 'conf': tensor([0.], device='cuda:0', requires_grad=True), 'cls': tensor([0.], device='cuda:0', requires_grad=True)}
2025-04-11 06:31:21,741 - INFO - Epoch [3/100] Train Loss: 0.0000 Val Loss: 0.0000
2025-04-11 06:31:21,741 - INFO - 
Epoch 4/100
2025-04-11 06:31:26,515 - DEBUG - Loss Components: {'xy': tensor([0.], device='cuda:0', requires_grad=True), 'wh': tensor([0.], device='cuda:0', requires_grad=True), 'conf': tensor([0.], device='cuda:0', requires_grad=True), 'cls': tensor([0.], device='cuda:0', requires_grad=True)}
2025-04-11 06:31:42,330 - DEBUG - Loss Components: {'xy': tensor([0.], device='cuda:0', requires_grad=True), 'wh': tensor([0.], device='cuda:0', requires_grad=True), 'conf': tensor([0.], device='cuda:0', requires_grad=True), 'cls': tensor([0.], device='cuda:0', requires_grad=True)}
2025-04-11 06:31:44,404 - DEBUG - 验证批次损失: 0.0000, 损失组件: {'xy': tensor([0.], device='cuda:0', requires_grad=True), 'wh': tensor([0.], device='cuda:0', requires_grad=True), 'conf': tensor([0.], device='cuda:0', requires_grad=True), 'cls': tensor([0.], device='cuda:0', requires_grad=True)}
2025-04-11 06:31:50,005 - DEBUG - 验证批次损失: 0.0000, 损失组件: {'xy': tensor([0.], device='cuda:0', requires_grad=True), 'wh': tensor([0.], device='cuda:0', requires_grad=True), 'conf': tensor([0.], device='cuda:0', requires_grad=True), 'cls': tensor([0.], device='cuda:0', requires_grad=True)}
2025-04-11 06:31:50,082 - INFO - Epoch [4/100] Train Loss: 0.0000 Val Loss: 0.0000
2025-04-11 06:31:50,082 - INFO - 
Epoch 5/100
2025-04-11 06:31:51,941 - DEBUG - Loss Components: {'xy': tensor([0.], device='cuda:0', requires_grad=True), 'wh': tensor([0.], device='cuda:0', requires_grad=True), 'conf': tensor([0.], device='cuda:0', requires_grad=True), 'cls': tensor([0.], device='cuda:0', requires_grad=True)}
2025-04-11 06:32:08,933 - DEBUG - Loss Components: {'xy': tensor([0.], device='cuda:0', requires_grad=True), 'wh': tensor([0.], device='cuda:0', requires_grad=True), 'conf': tensor([0.], device='cuda:0', requires_grad=True), 'cls': tensor([0.], device='cuda:0', requires_grad=True)}
2025-04-11 06:32:12,057 - DEBUG - 验证批次损失: 0.0000, 损失组件: {'xy': tensor([0.], device='cuda:0', requires_grad=True), 'wh': tensor([0.], device='cuda:0', requires_grad=True), 'conf': tensor([0.], device='cuda:0', requires_grad=True), 'cls': tensor([0.], device='cuda:0', requires_grad=True)}
2025-04-11 06:32:17,070 - DEBUG - 验证批次损失: 0.0000, 损失组件: {'xy': tensor([0.], device='cuda:0', requires_grad=True), 'wh': tensor([0.], device='cuda:0', requires_grad=True), 'conf': tensor([0.], device='cuda:0', requires_grad=True), 'cls': tensor([0.], device='cuda:0', requires_grad=True)}
2025-04-11 06:32:17,144 - INFO - Epoch [5/100] Train Loss: 0.0000 Val Loss: 0.0000
2025-04-11 06:32:17,144 - INFO - 
Epoch 6/100
2025-04-11 06:32:25,144 - DEBUG - Loss Components: {'xy': tensor([0.], device='cuda:0', requires_grad=True), 'wh': tensor([0.], device='cuda:0', requires_grad=True), 'conf': tensor([0.], device='cuda:0', requires_grad=True), 'cls': tensor([0.], device='cuda:0', requires_grad=True)}
2025-04-11 06:32:41,047 - DEBUG - Loss Components: {'xy': tensor([0.], device='cuda:0', requires_grad=True), 'wh': tensor([0.], device='cuda:0', requires_grad=True), 'conf': tensor([0.], device='cuda:0', requires_grad=True), 'cls': tensor([0.], device='cuda:0', requires_grad=True)}
2025-04-11 06:32:42,130 - DEBUG - 验证批次损失: 0.0000, 损失组件: {'xy': tensor([0.], device='cuda:0', requires_grad=True), 'wh': tensor([0.], device='cuda:0', requires_grad=True), 'conf': tensor([0.], device='cuda:0', requires_grad=True), 'cls': tensor([0.], device='cuda:0', requires_grad=True)}
2025-04-11 06:32:47,501 - DEBUG - 验证批次损失: 0.0000, 损失组件: {'xy': tensor([0.], device='cuda:0', requires_grad=True), 'wh': tensor([0.], device='cuda:0', requires_grad=True), 'conf': tensor([0.], device='cuda:0', requires_grad=True), 'cls': tensor([0.], device='cuda:0', requires_grad=True)}
2025-04-11 06:32:47,565 - INFO - Epoch [6/100] Train Loss: 0.0000 Val Loss: 0.0000
2025-04-11 06:32:47,565 - INFO - 
Epoch 7/100
2025-04-11 06:32:56,133 - DEBUG - Loss Components: {'xy': tensor([0.], device='cuda:0', requires_grad=True), 'wh': tensor([0.], device='cuda:0', requires_grad=True), 'conf': tensor([0.], device='cuda:0', requires_grad=True), 'cls': tensor([0.], device='cuda:0', requires_grad=True)}
2025-04-11 06:33:10,387 - DEBUG - Loss Components: {'xy': tensor([0.], device='cuda:0', requires_grad=True), 'wh': tensor([0.], device='cuda:0', requires_grad=True), 'conf': tensor([0.], device='cuda:0', requires_grad=True), 'cls': tensor([0.], device='cuda:0', requires_grad=True)}
2025-04-11 06:33:12,424 - DEBUG - 验证批次损失: 0.0000, 损失组件: {'xy': tensor([0.], device='cuda:0', requires_grad=True), 'wh': tensor([0.], device='cuda:0', requires_grad=True), 'conf': tensor([0.], device='cuda:0', requires_grad=True), 'cls': tensor([0.], device='cuda:0', requires_grad=True)}
2025-04-11 06:33:17,347 - DEBUG - 验证批次损失: 0.0000, 损失组件: {'xy': tensor([0.], device='cuda:0', requires_grad=True), 'wh': tensor([0.], device='cuda:0', requires_grad=True), 'conf': tensor([0.], device='cuda:0', requires_grad=True), 'cls': tensor([0.], device='cuda:0', requires_grad=True)}
2025-04-11 06:33:17,411 - INFO - Epoch [7/100] Train Loss: 0.0000 Val Loss: 0.0000
2025-04-11 06:33:17,411 - INFO - 
Epoch 8/100
2025-04-11 06:33:25,476 - DEBUG - Loss Components: {'xy': tensor([0.], device='cuda:0', requires_grad=True), 'wh': tensor([0.], device='cuda:0', requires_grad=True), 'conf': tensor([0.], device='cuda:0', requires_grad=True), 'cls': tensor([0.], device='cuda:0', requires_grad=True)}
2025-04-11 06:33:35,409 - DEBUG - Loss Components: {'xy': tensor([0.], device='cuda:0', requires_grad=True), 'wh': tensor([0.], device='cuda:0', requires_grad=True), 'conf': tensor([0.], device='cuda:0', requires_grad=True), 'cls': tensor([0.], device='cuda:0', requires_grad=True)}
2025-04-11 06:33:38,310 - DEBUG - 验证批次损失: 0.0000, 损失组件: {'xy': tensor([0.], device='cuda:0', requires_grad=True), 'wh': tensor([0.], device='cuda:0', requires_grad=True), 'conf': tensor([0.], device='cuda:0', requires_grad=True), 'cls': tensor([0.], device='cuda:0', requires_grad=True)}
2025-04-11 06:33:42,017 - DEBUG - 验证批次损失: 0.0000, 损失组件: {'xy': tensor([0.], device='cuda:0', requires_grad=True), 'wh': tensor([0.], device='cuda:0', requires_grad=True), 'conf': tensor([0.], device='cuda:0', requires_grad=True), 'cls': tensor([0.], device='cuda:0', requires_grad=True)}
2025-04-11 06:33:42,095 - INFO - Epoch [8/100] Train Loss: 0.0000 Val Loss: 0.0000
2025-04-11 06:33:42,095 - INFO - 
Epoch 9/100
2025-04-11 06:33:56,389 - DEBUG - Loss Components: {'xy': tensor([0.], device='cuda:0', requires_grad=True), 'wh': tensor([0.], device='cuda:0', requires_grad=True), 'conf': tensor([0.], device='cuda:0', requires_grad=True), 'cls': tensor([0.], device='cuda:0', requires_grad=True)}
2025-04-11 06:34:02,674 - DEBUG - Loss Components: {'xy': tensor([0.], device='cuda:0', requires_grad=True), 'wh': tensor([0.], device='cuda:0', requires_grad=True), 'conf': tensor([0.], device='cuda:0', requires_grad=True), 'cls': tensor([0.], device='cuda:0', requires_grad=True)}
2025-04-11 06:34:06,517 - DEBUG - 验证批次损失: 0.0000, 损失组件: {'xy': tensor([0.], device='cuda:0', requires_grad=True), 'wh': tensor([0.], device='cuda:0', requires_grad=True), 'conf': tensor([0.], device='cuda:0', requires_grad=True), 'cls': tensor([0.], device='cuda:0', requires_grad=True)}
2025-04-11 06:34:09,403 - DEBUG - 验证批次损失: 0.0000, 损失组件: {'xy': tensor([0.], device='cuda:0', requires_grad=True), 'wh': tensor([0.], device='cuda:0', requires_grad=True), 'conf': tensor([0.], device='cuda:0', requires_grad=True), 'cls': tensor([0.], device='cuda:0', requires_grad=True)}
2025-04-11 06:34:09,472 - INFO - Epoch [9/100] Train Loss: 0.0000 Val Loss: 0.0000
2025-04-11 06:34:09,472 - INFO - 
Epoch 10/100
2025-04-11 06:34:18,331 - DEBUG - Loss Components: {'xy': tensor([0.], device='cuda:0', requires_grad=True), 'wh': tensor([0.], device='cuda:0', requires_grad=True), 'conf': tensor([0.], device='cuda:0', requires_grad=True), 'cls': tensor([0.], device='cuda:0', requires_grad=True)}
2025-04-11 06:34:29,896 - DEBUG - Loss Components: {'xy': tensor([0.], device='cuda:0', requires_grad=True), 'wh': tensor([0.], device='cuda:0', requires_grad=True), 'conf': tensor([0.], device='cuda:0', requires_grad=True), 'cls': tensor([0.], device='cuda:0', requires_grad=True)}
2025-04-11 06:34:31,879 - DEBUG - 验证批次损失: 0.0000, 损失组件: {'xy': tensor([0.], device='cuda:0', requires_grad=True), 'wh': tensor([0.], device='cuda:0', requires_grad=True), 'conf': tensor([0.], device='cuda:0', requires_grad=True), 'cls': tensor([0.], device='cuda:0', requires_grad=True)}
2025-04-11 06:34:37,440 - DEBUG - 验证批次损失: 0.0000, 损失组件: {'xy': tensor([0.], device='cuda:0', requires_grad=True), 'wh': tensor([0.], device='cuda:0', requires_grad=True), 'conf': tensor([0.], device='cuda:0', requires_grad=True), 'cls': tensor([0.], device='cuda:0', requires_grad=True)}
2025-04-11 06:34:37,507 - INFO - Epoch [10/100] Train Loss: 0.0000 Val Loss: 0.0000
2025-04-11 06:34:37,507 - INFO - 
Epoch 11/100
2025-04-11 06:34:41,581 - DEBUG - Loss Components: {'xy': tensor([0.], device='cuda:0', requires_grad=True), 'wh': tensor([0.], device='cuda:0', requires_grad=True), 'conf': tensor([0.], device='cuda:0', requires_grad=True), 'cls': tensor([0.], device='cuda:0', requires_grad=True)}
2025-04-11 06:34:55,317 - DEBUG - Loss Components: {'xy': tensor([0.], device='cuda:0', requires_grad=True), 'wh': tensor([0.], device='cuda:0', requires_grad=True), 'conf': tensor([0.], device='cuda:0', requires_grad=True), 'cls': tensor([0.], device='cuda:0', requires_grad=True)}
2025-04-11 06:34:57,196 - DEBUG - 验证批次损失: 0.0000, 损失组件: {'xy': tensor([0.], device='cuda:0', requires_grad=True), 'wh': tensor([0.], device='cuda:0', requires_grad=True), 'conf': tensor([0.], device='cuda:0', requires_grad=True), 'cls': tensor([0.], device='cuda:0', requires_grad=True)}
2025-04-11 06:35:03,394 - DEBUG - 验证批次损失: 0.0000, 损失组件: {'xy': tensor([0.], device='cuda:0', requires_grad=True), 'wh': tensor([0.], device='cuda:0', requires_grad=True), 'conf': tensor([0.], device='cuda:0', requires_grad=True), 'cls': tensor([0.], device='cuda:0', requires_grad=True)}
2025-04-11 06:35:03,450 - INFO - Epoch [11/100] Train Loss: 0.0000 Val Loss: 0.0000
2025-04-11 06:35:03,451 - INFO - 
Epoch 12/100
2025-04-11 06:35:06,436 - DEBUG - Loss Components: {'xy': tensor([0.], device='cuda:0', requires_grad=True), 'wh': tensor([0.], device='cuda:0', requires_grad=True), 'conf': tensor([0.], device='cuda:0', requires_grad=True), 'cls': tensor([0.], device='cuda:0', requires_grad=True)}
2025-04-11 06:35:26,662 - DEBUG - Loss Components: {'xy': tensor([0.], device='cuda:0', requires_grad=True), 'wh': tensor([0.], device='cuda:0', requires_grad=True), 'conf': tensor([0.], device='cuda:0', requires_grad=True), 'cls': tensor([0.], device='cuda:0', requires_grad=True)}
2025-04-11 06:35:30,787 - DEBUG - 验证批次损失: 0.0000, 损失组件: {'xy': tensor([0.], device='cuda:0', requires_grad=True), 'wh': tensor([0.], device='cuda:0', requires_grad=True), 'conf': tensor([0.], device='cuda:0', requires_grad=True), 'cls': tensor([0.], device='cuda:0', requires_grad=True)}
2025-04-11 06:35:33,690 - DEBUG - 验证批次损失: 0.0000, 损失组件: {'xy': tensor([0.], device='cuda:0', requires_grad=True), 'wh': tensor([0.], device='cuda:0', requires_grad=True), 'conf': tensor([0.], device='cuda:0', requires_grad=True), 'cls': tensor([0.], device='cuda:0', requires_grad=True)}
2025-04-11 06:35:33,758 - INFO - Epoch [12/100] Train Loss: 0.0000 Val Loss: 0.0000
2025-04-11 06:35:33,758 - INFO - 
Epoch 13/100
2025-04-11 06:35:42,707 - DEBUG - Loss Components: {'xy': tensor([0.], device='cuda:0', requires_grad=True), 'wh': tensor([0.], device='cuda:0', requires_grad=True), 'conf': tensor([0.], device='cuda:0', requires_grad=True), 'cls': tensor([0.], device='cuda:0', requires_grad=True)}
2025-04-11 06:35:54,820 - DEBUG - Loss Components: {'xy': tensor([0.], device='cuda:0', requires_grad=True), 'wh': tensor([0.], device='cuda:0', requires_grad=True), 'conf': tensor([0.], device='cuda:0', requires_grad=True), 'cls': tensor([0.], device='cuda:0', requires_grad=True)}
2025-04-11 06:35:57,401 - DEBUG - 验证批次损失: 0.0000, 损失组件: {'xy': tensor([0.], device='cuda:0', requires_grad=True), 'wh': tensor([0.], device='cuda:0', requires_grad=True), 'conf': tensor([0.], device='cuda:0', requires_grad=True), 'cls': tensor([0.], device='cuda:0', requires_grad=True)}
2025-04-11 06:36:03,806 - DEBUG - 验证批次损失: 0.0000, 损失组件: {'xy': tensor([0.], device='cuda:0', requires_grad=True), 'wh': tensor([0.], device='cuda:0', requires_grad=True), 'conf': tensor([0.], device='cuda:0', requires_grad=True), 'cls': tensor([0.], device='cuda:0', requires_grad=True)}
2025-04-11 06:36:03,867 - INFO - Epoch [13/100] Train Loss: 0.0000 Val Loss: 0.0000
2025-04-11 06:36:03,867 - INFO - 
Epoch 14/100
2025-04-11 06:36:10,833 - DEBUG - Loss Components: {'xy': tensor([0.], device='cuda:0', requires_grad=True), 'wh': tensor([0.], device='cuda:0', requires_grad=True), 'conf': tensor([0.], device='cuda:0', requires_grad=True), 'cls': tensor([0.], device='cuda:0', requires_grad=True)}
2025-04-11 06:36:23,427 - DEBUG - Loss Components: {'xy': tensor([0.], device='cuda:0', requires_grad=True), 'wh': tensor([0.], device='cuda:0', requires_grad=True), 'conf': tensor([0.], device='cuda:0', requires_grad=True), 'cls': tensor([0.], device='cuda:0', requires_grad=True)}
2025-04-11 06:36:25,434 - DEBUG - 验证批次损失: 0.0000, 损失组件: {'xy': tensor([0.], device='cuda:0', requires_grad=True), 'wh': tensor([0.], device='cuda:0', requires_grad=True), 'conf': tensor([0.], device='cuda:0', requires_grad=True), 'cls': tensor([0.], device='cuda:0', requires_grad=True)}
2025-04-11 06:36:32,556 - DEBUG - 验证批次损失: 0.0000, 损失组件: {'xy': tensor([0.], device='cuda:0', requires_grad=True), 'wh': tensor([0.], device='cuda:0', requires_grad=True), 'conf': tensor([0.], device='cuda:0', requires_grad=True), 'cls': tensor([0.], device='cuda:0', requires_grad=True)}
2025-04-11 06:36:32,632 - INFO - Epoch [14/100] Train Loss: 0.0000 Val Loss: 0.0000
2025-04-11 06:36:32,632 - INFO - 
Epoch 15/100
2025-04-11 06:36:41,157 - DEBUG - Loss Components: {'xy': tensor([0.], device='cuda:0', requires_grad=True), 'wh': tensor([0.], device='cuda:0', requires_grad=True), 'conf': tensor([0.], device='cuda:0', requires_grad=True), 'cls': tensor([0.], device='cuda:0', requires_grad=True)}
2025-04-11 06:36:53,333 - DEBUG - Loss Components: {'xy': tensor([0.], device='cuda:0', requires_grad=True), 'wh': tensor([0.], device='cuda:0', requires_grad=True), 'conf': tensor([0.], device='cuda:0', requires_grad=True), 'cls': tensor([0.], device='cuda:0', requires_grad=True)}
2025-04-11 06:36:56,950 - DEBUG - 验证批次损失: 0.0000, 损失组件: {'xy': tensor([0.], device='cuda:0', requires_grad=True), 'wh': tensor([0.], device='cuda:0', requires_grad=True), 'conf': tensor([0.], device='cuda:0', requires_grad=True), 'cls': tensor([0.], device='cuda:0', requires_grad=True)}
2025-04-11 06:37:01,700 - DEBUG - 验证批次损失: 0.0000, 损失组件: {'xy': tensor([0.], device='cuda:0', requires_grad=True), 'wh': tensor([0.], device='cuda:0', requires_grad=True), 'conf': tensor([0.], device='cuda:0', requires_grad=True), 'cls': tensor([0.], device='cuda:0', requires_grad=True)}
2025-04-11 06:37:01,767 - INFO - Epoch [15/100] Train Loss: 0.0000 Val Loss: 0.0000
2025-04-11 06:37:01,767 - INFO - 
Epoch 16/100
2025-04-11 06:37:17,602 - DEBUG - Loss Components: {'xy': tensor([0.], device='cuda:0', requires_grad=True), 'wh': tensor([0.], device='cuda:0', requires_grad=True), 'conf': tensor([0.], device='cuda:0', requires_grad=True), 'cls': tensor([0.], device='cuda:0', requires_grad=True)}
2025-04-11 06:37:25,932 - DEBUG - Loss Components: {'xy': tensor([0.], device='cuda:0', requires_grad=True), 'wh': tensor([0.], device='cuda:0', requires_grad=True), 'conf': tensor([0.], device='cuda:0', requires_grad=True), 'cls': tensor([0.], device='cuda:0', requires_grad=True)}
2025-04-11 06:37:27,758 - DEBUG - 验证批次损失: 0.0000, 损失组件: {'xy': tensor([0.], device='cuda:0', requires_grad=True), 'wh': tensor([0.], device='cuda:0', requires_grad=True), 'conf': tensor([0.], device='cuda:0', requires_grad=True), 'cls': tensor([0.], device='cuda:0', requires_grad=True)}
2025-04-11 06:37:33,594 - DEBUG - 验证批次损失: 0.0000, 损失组件: {'xy': tensor([0.], device='cuda:0', requires_grad=True), 'wh': tensor([0.], device='cuda:0', requires_grad=True), 'conf': tensor([0.], device='cuda:0', requires_grad=True), 'cls': tensor([0.], device='cuda:0', requires_grad=True)}
2025-04-11 06:37:33,654 - INFO - Epoch [16/100] Train Loss: 0.0000 Val Loss: 0.0000
2025-04-11 06:37:33,654 - INFO - 
Epoch 17/100
2025-04-11 06:37:38,850 - DEBUG - Loss Components: {'xy': tensor([0.], device='cuda:0', requires_grad=True), 'wh': tensor([0.], device='cuda:0', requires_grad=True), 'conf': tensor([0.], device='cuda:0', requires_grad=True), 'cls': tensor([0.], device='cuda:0', requires_grad=True)}
2025-04-11 06:37:54,227 - DEBUG - Loss Components: {'xy': tensor([0.], device='cuda:0', requires_grad=True), 'wh': tensor([0.], device='cuda:0', requires_grad=True), 'conf': tensor([0.], device='cuda:0', requires_grad=True), 'cls': tensor([0.], device='cuda:0', requires_grad=True)}
2025-04-11 06:37:59,136 - DEBUG - 验证批次损失: 0.0000, 损失组件: {'xy': tensor([0.], device='cuda:0', requires_grad=True), 'wh': tensor([0.], device='cuda:0', requires_grad=True), 'conf': tensor([0.], device='cuda:0', requires_grad=True), 'cls': tensor([0.], device='cuda:0', requires_grad=True)}
2025-04-11 06:38:03,452 - DEBUG - 验证批次损失: 0.0000, 损失组件: {'xy': tensor([0.], device='cuda:0', requires_grad=True), 'wh': tensor([0.], device='cuda:0', requires_grad=True), 'conf': tensor([0.], device='cuda:0', requires_grad=True), 'cls': tensor([0.], device='cuda:0', requires_grad=True)}
2025-04-11 06:38:03,510 - INFO - Epoch [17/100] Train Loss: 0.0000 Val Loss: 0.0000
2025-04-11 06:38:03,510 - INFO - 
Epoch 18/100
2025-04-11 06:38:14,039 - DEBUG - Loss Components: {'xy': tensor([0.], device='cuda:0', requires_grad=True), 'wh': tensor([0.], device='cuda:0', requires_grad=True), 'conf': tensor([0.], device='cuda:0', requires_grad=True), 'cls': tensor([0.], device='cuda:0', requires_grad=True)}
2025-04-11 06:38:27,891 - DEBUG - Loss Components: {'xy': tensor([0.], device='cuda:0', requires_grad=True), 'wh': tensor([0.], device='cuda:0', requires_grad=True), 'conf': tensor([0.], device='cuda:0', requires_grad=True), 'cls': tensor([0.], device='cuda:0', requires_grad=True)}
2025-04-11 06:38:31,942 - DEBUG - 验证批次损失: 0.0000, 损失组件: {'xy': tensor([0.], device='cuda:0', requires_grad=True), 'wh': tensor([0.], device='cuda:0', requires_grad=True), 'conf': tensor([0.], device='cuda:0', requires_grad=True), 'cls': tensor([0.], device='cuda:0', requires_grad=True)}
2025-04-11 06:38:35,123 - DEBUG - 验证批次损失: 0.0000, 损失组件: {'xy': tensor([0.], device='cuda:0', requires_grad=True), 'wh': tensor([0.], device='cuda:0', requires_grad=True), 'conf': tensor([0.], device='cuda:0', requires_grad=True), 'cls': tensor([0.], device='cuda:0', requires_grad=True)}
2025-04-11 06:38:35,181 - INFO - Epoch [18/100] Train Loss: 0.0000 Val Loss: 0.0000
2025-04-11 06:38:35,181 - INFO - 
Epoch 19/100
2025-04-11 06:38:43,438 - DEBUG - Loss Components: {'xy': tensor([0.], device='cuda:0', requires_grad=True), 'wh': tensor([0.], device='cuda:0', requires_grad=True), 'conf': tensor([0.], device='cuda:0', requires_grad=True), 'cls': tensor([0.], device='cuda:0', requires_grad=True)}
2025-04-11 06:38:55,228 - DEBUG - Loss Components: {'xy': tensor([0.], device='cuda:0', requires_grad=True), 'wh': tensor([0.], device='cuda:0', requires_grad=True), 'conf': tensor([0.], device='cuda:0', requires_grad=True), 'cls': tensor([0.], device='cuda:0', requires_grad=True)}
2025-04-11 06:38:59,827 - DEBUG - 验证批次损失: 0.0000, 损失组件: {'xy': tensor([0.], device='cuda:0', requires_grad=True), 'wh': tensor([0.], device='cuda:0', requires_grad=True), 'conf': tensor([0.], device='cuda:0', requires_grad=True), 'cls': tensor([0.], device='cuda:0', requires_grad=True)}
2025-04-11 06:39:01,838 - DEBUG - 验证批次损失: 0.0000, 损失组件: {'xy': tensor([0.], device='cuda:0', requires_grad=True), 'wh': tensor([0.], device='cuda:0', requires_grad=True), 'conf': tensor([0.], device='cuda:0', requires_grad=True), 'cls': tensor([0.], device='cuda:0', requires_grad=True)}
2025-04-11 06:39:01,900 - INFO - Epoch [19/100] Train Loss: 0.0000 Val Loss: 0.0000
2025-04-11 06:39:01,901 - INFO - 
Epoch 20/100
2025-04-11 06:39:04,670 - DEBUG - Loss Components: {'xy': tensor([0.], device='cuda:0', requires_grad=True), 'wh': tensor([0.], device='cuda:0', requires_grad=True), 'conf': tensor([0.], device='cuda:0', requires_grad=True), 'cls': tensor([0.], device='cuda:0', requires_grad=True)}
2025-04-11 06:39:22,041 - DEBUG - Loss Components: {'xy': tensor([0.], device='cuda:0', requires_grad=True), 'wh': tensor([0.], device='cuda:0', requires_grad=True), 'conf': tensor([0.], device='cuda:0', requires_grad=True), 'cls': tensor([0.], device='cuda:0', requires_grad=True)}
2025-04-11 06:39:24,634 - DEBUG - 验证批次损失: 0.0000, 损失组件: {'xy': tensor([0.], device='cuda:0', requires_grad=True), 'wh': tensor([0.], device='cuda:0', requires_grad=True), 'conf': tensor([0.], device='cuda:0', requires_grad=True), 'cls': tensor([0.], device='cuda:0', requires_grad=True)}
2025-04-11 06:39:28,513 - DEBUG - 验证批次损失: 0.0000, 损失组件: {'xy': tensor([0.], device='cuda:0', requires_grad=True), 'wh': tensor([0.], device='cuda:0', requires_grad=True), 'conf': tensor([0.], device='cuda:0', requires_grad=True), 'cls': tensor([0.], device='cuda:0', requires_grad=True)}
2025-04-11 06:39:28,588 - INFO - Epoch [20/100] Train Loss: 0.0000 Val Loss: 0.0000
2025-04-11 06:39:28,588 - INFO - 
Epoch 21/100
2025-04-11 06:39:37,105 - DEBUG - Loss Components: {'xy': tensor([0.], device='cuda:0', requires_grad=True), 'wh': tensor([0.], device='cuda:0', requires_grad=True), 'conf': tensor([0.], device='cuda:0', requires_grad=True), 'cls': tensor([0.], device='cuda:0', requires_grad=True)}
2025-04-11 06:39:49,561 - DEBUG - Loss Components: {'xy': tensor([0.], device='cuda:0', requires_grad=True), 'wh': tensor([0.], device='cuda:0', requires_grad=True), 'conf': tensor([0.], device='cuda:0', requires_grad=True), 'cls': tensor([0.], device='cuda:0', requires_grad=True)}
2025-04-11 06:39:54,028 - DEBUG - 验证批次损失: 0.0000, 损失组件: {'xy': tensor([0.], device='cuda:0', requires_grad=True), 'wh': tensor([0.], device='cuda:0', requires_grad=True), 'conf': tensor([0.], device='cuda:0', requires_grad=True), 'cls': tensor([0.], device='cuda:0', requires_grad=True)}
2025-04-11 06:39:57,644 - DEBUG - 验证批次损失: 0.0000, 损失组件: {'xy': tensor([0.], device='cuda:0', requires_grad=True), 'wh': tensor([0.], device='cuda:0', requires_grad=True), 'conf': tensor([0.], device='cuda:0', requires_grad=True), 'cls': tensor([0.], device='cuda:0', requires_grad=True)}
2025-04-11 06:39:57,703 - INFO - Epoch [21/100] Train Loss: 0.0000 Val Loss: 0.0000
2025-04-11 06:39:57,703 - INFO - 
Epoch 22/100
2025-04-11 06:40:06,146 - DEBUG - Loss Components: {'xy': tensor([0.], device='cuda:0', requires_grad=True), 'wh': tensor([0.], device='cuda:0', requires_grad=True), 'conf': tensor([0.], device='cuda:0', requires_grad=True), 'cls': tensor([0.], device='cuda:0', requires_grad=True)}
2025-04-11 06:40:19,450 - DEBUG - Loss Components: {'xy': tensor([0.], device='cuda:0', requires_grad=True), 'wh': tensor([0.], device='cuda:0', requires_grad=True), 'conf': tensor([0.], device='cuda:0', requires_grad=True), 'cls': tensor([0.], device='cuda:0', requires_grad=True)}
2025-04-11 06:40:21,441 - DEBUG - 验证批次损失: 0.0000, 损失组件: {'xy': tensor([0.], device='cuda:0', requires_grad=True), 'wh': tensor([0.], device='cuda:0', requires_grad=True), 'conf': tensor([0.], device='cuda:0', requires_grad=True), 'cls': tensor([0.], device='cuda:0', requires_grad=True)}
2025-04-11 06:40:26,302 - DEBUG - 验证批次损失: 0.0000, 损失组件: {'xy': tensor([0.], device='cuda:0', requires_grad=True), 'wh': tensor([0.], device='cuda:0', requires_grad=True), 'conf': tensor([0.], device='cuda:0', requires_grad=True), 'cls': tensor([0.], device='cuda:0', requires_grad=True)}
2025-04-11 06:40:26,362 - INFO - Epoch [22/100] Train Loss: 0.0000 Val Loss: 0.0000
2025-04-11 06:40:26,363 - INFO - 
Epoch 23/100
2025-04-11 06:40:37,262 - DEBUG - Loss Components: {'xy': tensor([0.], device='cuda:0', requires_grad=True), 'wh': tensor([0.], device='cuda:0', requires_grad=True), 'conf': tensor([0.], device='cuda:0', requires_grad=True), 'cls': tensor([0.], device='cuda:0', requires_grad=True)}
2025-04-11 06:40:47,022 - DEBUG - Loss Components: {'xy': tensor([0.], device='cuda:0', requires_grad=True), 'wh': tensor([0.], device='cuda:0', requires_grad=True), 'conf': tensor([0.], device='cuda:0', requires_grad=True), 'cls': tensor([0.], device='cuda:0', requires_grad=True)}
2025-04-11 06:40:49,127 - DEBUG - 验证批次损失: 0.0000, 损失组件: {'xy': tensor([0.], device='cuda:0', requires_grad=True), 'wh': tensor([0.], device='cuda:0', requires_grad=True), 'conf': tensor([0.], device='cuda:0', requires_grad=True), 'cls': tensor([0.], device='cuda:0', requires_grad=True)}
2025-04-11 06:40:54,063 - DEBUG - 验证批次损失: 0.0000, 损失组件: {'xy': tensor([0.], device='cuda:0', requires_grad=True), 'wh': tensor([0.], device='cuda:0', requires_grad=True), 'conf': tensor([0.], device='cuda:0', requires_grad=True), 'cls': tensor([0.], device='cuda:0', requires_grad=True)}
2025-04-11 06:40:54,145 - INFO - Epoch [23/100] Train Loss: 0.0000 Val Loss: 0.0000
2025-04-11 06:40:54,146 - INFO - 
Epoch 24/100
2025-04-11 06:40:57,408 - DEBUG - Loss Components: {'xy': tensor([0.], device='cuda:0', requires_grad=True), 'wh': tensor([0.], device='cuda:0', requires_grad=True), 'conf': tensor([0.], device='cuda:0', requires_grad=True), 'cls': tensor([0.], device='cuda:0', requires_grad=True)}
2025-04-11 06:41:20,019 - DEBUG - Loss Components: {'xy': tensor([0.], device='cuda:0', requires_grad=True), 'wh': tensor([0.], device='cuda:0', requires_grad=True), 'conf': tensor([0.], device='cuda:0', requires_grad=True), 'cls': tensor([0.], device='cuda:0', requires_grad=True)}
2025-04-11 06:41:22,858 - DEBUG - 验证批次损失: 0.0000, 损失组件: {'xy': tensor([0.], device='cuda:0', requires_grad=True), 'wh': tensor([0.], device='cuda:0', requires_grad=True), 'conf': tensor([0.], device='cuda:0', requires_grad=True), 'cls': tensor([0.], device='cuda:0', requires_grad=True)}
2025-04-11 06:41:26,899 - DEBUG - 验证批次损失: 0.0000, 损失组件: {'xy': tensor([0.], device='cuda:0', requires_grad=True), 'wh': tensor([0.], device='cuda:0', requires_grad=True), 'conf': tensor([0.], device='cuda:0', requires_grad=True), 'cls': tensor([0.], device='cuda:0', requires_grad=True)}
2025-04-11 06:41:26,972 - INFO - Epoch [24/100] Train Loss: 0.0000 Val Loss: 0.0000
2025-04-11 06:41:26,972 - INFO - 
Epoch 25/100
2025-04-11 06:41:35,915 - DEBUG - Loss Components: {'xy': tensor([0.], device='cuda:0', requires_grad=True), 'wh': tensor([0.], device='cuda:0', requires_grad=True), 'conf': tensor([0.], device='cuda:0', requires_grad=True), 'cls': tensor([0.], device='cuda:0', requires_grad=True)}
2025-04-11 06:41:44,968 - DEBUG - Loss Components: {'xy': tensor([0.], device='cuda:0', requires_grad=True), 'wh': tensor([0.], device='cuda:0', requires_grad=True), 'conf': tensor([0.], device='cuda:0', requires_grad=True), 'cls': tensor([0.], device='cuda:0', requires_grad=True)}
2025-04-11 06:41:47,778 - DEBUG - 验证批次损失: 0.0000, 损失组件: {'xy': tensor([0.], device='cuda:0', requires_grad=True), 'wh': tensor([0.], device='cuda:0', requires_grad=True), 'conf': tensor([0.], device='cuda:0', requires_grad=True), 'cls': tensor([0.], device='cuda:0', requires_grad=True)}
2025-04-11 06:41:51,944 - DEBUG - 验证批次损失: 0.0000, 损失组件: {'xy': tensor([0.], device='cuda:0', requires_grad=True), 'wh': tensor([0.], device='cuda:0', requires_grad=True), 'conf': tensor([0.], device='cuda:0', requires_grad=True), 'cls': tensor([0.], device='cuda:0', requires_grad=True)}
2025-04-11 06:41:52,012 - INFO - Epoch [25/100] Train Loss: 0.0000 Val Loss: 0.0000
2025-04-11 06:41:52,012 - INFO - 
Epoch 26/100
2025-04-11 06:41:54,136 - DEBUG - Loss Components: {'xy': tensor([0.], device='cuda:0', requires_grad=True), 'wh': tensor([0.], device='cuda:0', requires_grad=True), 'conf': tensor([0.], device='cuda:0', requires_grad=True), 'cls': tensor([0.], device='cuda:0', requires_grad=True)}
2025-04-11 06:42:11,155 - DEBUG - Loss Components: {'xy': tensor([0.], device='cuda:0', requires_grad=True), 'wh': tensor([0.], device='cuda:0', requires_grad=True), 'conf': tensor([0.], device='cuda:0', requires_grad=True), 'cls': tensor([0.], device='cuda:0', requires_grad=True)}
2025-04-11 06:42:13,414 - DEBUG - 验证批次损失: 0.0000, 损失组件: {'xy': tensor([0.], device='cuda:0', requires_grad=True), 'wh': tensor([0.], device='cuda:0', requires_grad=True), 'conf': tensor([0.], device='cuda:0', requires_grad=True), 'cls': tensor([0.], device='cuda:0', requires_grad=True)}
2025-04-11 06:42:19,428 - DEBUG - 验证批次损失: 0.0000, 损失组件: {'xy': tensor([0.], device='cuda:0', requires_grad=True), 'wh': tensor([0.], device='cuda:0', requires_grad=True), 'conf': tensor([0.], device='cuda:0', requires_grad=True), 'cls': tensor([0.], device='cuda:0', requires_grad=True)}
2025-04-11 06:42:19,496 - INFO - Epoch [26/100] Train Loss: 0.0000 Val Loss: 0.0000
2025-04-11 06:42:19,496 - INFO - 
Epoch 27/100
2025-04-11 06:42:28,183 - DEBUG - Loss Components: {'xy': tensor([0.], device='cuda:0', requires_grad=True), 'wh': tensor([0.], device='cuda:0', requires_grad=True), 'conf': tensor([0.], device='cuda:0', requires_grad=True), 'cls': tensor([0.], device='cuda:0', requires_grad=True)}
2025-04-11 06:42:42,534 - DEBUG - Loss Components: {'xy': tensor([0.], device='cuda:0', requires_grad=True), 'wh': tensor([0.], device='cuda:0', requires_grad=True), 'conf': tensor([0.], device='cuda:0', requires_grad=True), 'cls': tensor([0.], device='cuda:0', requires_grad=True)}
2025-04-11 06:42:44,010 - DEBUG - 验证批次损失: 0.0000, 损失组件: {'xy': tensor([0.], device='cuda:0', requires_grad=True), 'wh': tensor([0.], device='cuda:0', requires_grad=True), 'conf': tensor([0.], device='cuda:0', requires_grad=True), 'cls': tensor([0.], device='cuda:0', requires_grad=True)}
2025-04-11 06:42:49,700 - DEBUG - 验证批次损失: 0.0000, 损失组件: {'xy': tensor([0.], device='cuda:0', requires_grad=True), 'wh': tensor([0.], device='cuda:0', requires_grad=True), 'conf': tensor([0.], device='cuda:0', requires_grad=True), 'cls': tensor([0.], device='cuda:0', requires_grad=True)}
2025-04-11 06:42:49,755 - INFO - Epoch [27/100] Train Loss: 0.0000 Val Loss: 0.0000
2025-04-11 06:42:49,755 - INFO - 
Epoch 28/100
2025-04-11 06:42:54,875 - DEBUG - Loss Components: {'xy': tensor([0.], device='cuda:0', requires_grad=True), 'wh': tensor([0.], device='cuda:0', requires_grad=True), 'conf': tensor([0.], device='cuda:0', requires_grad=True), 'cls': tensor([0.], device='cuda:0', requires_grad=True)}
2025-04-11 06:43:12,099 - DEBUG - Loss Components: {'xy': tensor([0.], device='cuda:0', requires_grad=True), 'wh': tensor([0.], device='cuda:0', requires_grad=True), 'conf': tensor([0.], device='cuda:0', requires_grad=True), 'cls': tensor([0.], device='cuda:0', requires_grad=True)}
2025-04-11 06:43:14,380 - DEBUG - 验证批次损失: 0.0000, 损失组件: {'xy': tensor([0.], device='cuda:0', requires_grad=True), 'wh': tensor([0.], device='cuda:0', requires_grad=True), 'conf': tensor([0.], device='cuda:0', requires_grad=True), 'cls': tensor([0.], device='cuda:0', requires_grad=True)}
2025-04-11 06:43:21,560 - DEBUG - 验证批次损失: 0.0000, 损失组件: {'xy': tensor([0.], device='cuda:0', requires_grad=True), 'wh': tensor([0.], device='cuda:0', requires_grad=True), 'conf': tensor([0.], device='cuda:0', requires_grad=True), 'cls': tensor([0.], device='cuda:0', requires_grad=True)}
2025-04-11 06:43:21,613 - INFO - Epoch [28/100] Train Loss: 0.0000 Val Loss: 0.0000
2025-04-11 06:43:21,614 - INFO - 
Epoch 29/100
2025-04-11 06:43:26,926 - DEBUG - Loss Components: {'xy': tensor([0.], device='cuda:0', requires_grad=True), 'wh': tensor([0.], device='cuda:0', requires_grad=True), 'conf': tensor([0.], device='cuda:0', requires_grad=True), 'cls': tensor([0.], device='cuda:0', requires_grad=True)}
2025-04-11 06:43:42,405 - DEBUG - Loss Components: {'xy': tensor([0.], device='cuda:0', requires_grad=True), 'wh': tensor([0.], device='cuda:0', requires_grad=True), 'conf': tensor([0.], device='cuda:0', requires_grad=True), 'cls': tensor([0.], device='cuda:0', requires_grad=True)}
2025-04-11 06:43:43,736 - DEBUG - 验证批次损失: 0.0000, 损失组件: {'xy': tensor([0.], device='cuda:0', requires_grad=True), 'wh': tensor([0.], device='cuda:0', requires_grad=True), 'conf': tensor([0.], device='cuda:0', requires_grad=True), 'cls': tensor([0.], device='cuda:0', requires_grad=True)}
2025-04-11 06:43:51,392 - DEBUG - 验证批次损失: 0.0000, 损失组件: {'xy': tensor([0.], device='cuda:0', requires_grad=True), 'wh': tensor([0.], device='cuda:0', requires_grad=True), 'conf': tensor([0.], device='cuda:0', requires_grad=True), 'cls': tensor([0.], device='cuda:0', requires_grad=True)}
2025-04-11 06:43:51,445 - INFO - Epoch [29/100] Train Loss: 0.0000 Val Loss: 0.0000
2025-04-11 06:43:51,446 - INFO - 
Epoch 30/100
2025-04-11 06:43:57,399 - DEBUG - Loss Components: {'xy': tensor([0.], device='cuda:0', requires_grad=True), 'wh': tensor([0.], device='cuda:0', requires_grad=True), 'conf': tensor([0.], device='cuda:0', requires_grad=True), 'cls': tensor([0.], device='cuda:0', requires_grad=True)}
2025-04-11 06:44:09,993 - DEBUG - Loss Components: {'xy': tensor([0.], device='cuda:0', requires_grad=True), 'wh': tensor([0.], device='cuda:0', requires_grad=True), 'conf': tensor([0.], device='cuda:0', requires_grad=True), 'cls': tensor([0.], device='cuda:0', requires_grad=True)}
2025-04-11 06:44:13,761 - DEBUG - 验证批次损失: 0.0000, 损失组件: {'xy': tensor([0.], device='cuda:0', requires_grad=True), 'wh': tensor([0.], device='cuda:0', requires_grad=True), 'conf': tensor([0.], device='cuda:0', requires_grad=True), 'cls': tensor([0.], device='cuda:0', requires_grad=True)}
2025-04-11 06:44:17,156 - DEBUG - 验证批次损失: 0.0000, 损失组件: {'xy': tensor([0.], device='cuda:0', requires_grad=True), 'wh': tensor([0.], device='cuda:0', requires_grad=True), 'conf': tensor([0.], device='cuda:0', requires_grad=True), 'cls': tensor([0.], device='cuda:0', requires_grad=True)}
2025-04-11 06:44:17,216 - INFO - Epoch [30/100] Train Loss: 0.0000 Val Loss: 0.0000
2025-04-11 06:44:17,216 - INFO - 
Epoch 31/100
2025-04-11 06:44:23,338 - DEBUG - Loss Components: {'xy': tensor([0.], device='cuda:0', requires_grad=True), 'wh': tensor([0.], device='cuda:0', requires_grad=True), 'conf': tensor([0.], device='cuda:0', requires_grad=True), 'cls': tensor([0.], device='cuda:0', requires_grad=True)}
2025-04-11 06:44:38,297 - DEBUG - Loss Components: {'xy': tensor([0.], device='cuda:0', requires_grad=True), 'wh': tensor([0.], device='cuda:0', requires_grad=True), 'conf': tensor([0.], device='cuda:0', requires_grad=True), 'cls': tensor([0.], device='cuda:0', requires_grad=True)}
2025-04-11 06:44:40,231 - DEBUG - 验证批次损失: 0.0000, 损失组件: {'xy': tensor([0.], device='cuda:0', requires_grad=True), 'wh': tensor([0.], device='cuda:0', requires_grad=True), 'conf': tensor([0.], device='cuda:0', requires_grad=True), 'cls': tensor([0.], device='cuda:0', requires_grad=True)}
2025-04-11 06:44:45,501 - DEBUG - 验证批次损失: 0.0000, 损失组件: {'xy': tensor([0.], device='cuda:0', requires_grad=True), 'wh': tensor([0.], device='cuda:0', requires_grad=True), 'conf': tensor([0.], device='cuda:0', requires_grad=True), 'cls': tensor([0.], device='cuda:0', requires_grad=True)}
2025-04-11 06:44:45,562 - INFO - Epoch [31/100] Train Loss: 0.0000 Val Loss: 0.0000
2025-04-11 06:44:45,562 - INFO - 
Epoch 32/100
2025-04-11 06:44:49,259 - DEBUG - Loss Components: {'xy': tensor([0.], device='cuda:0', requires_grad=True), 'wh': tensor([0.], device='cuda:0', requires_grad=True), 'conf': tensor([0.], device='cuda:0', requires_grad=True), 'cls': tensor([0.], device='cuda:0', requires_grad=True)}
2025-04-11 06:45:03,389 - DEBUG - Loss Components: {'xy': tensor([0.], device='cuda:0', requires_grad=True), 'wh': tensor([0.], device='cuda:0', requires_grad=True), 'conf': tensor([0.], device='cuda:0', requires_grad=True), 'cls': tensor([0.], device='cuda:0', requires_grad=True)}
2025-04-11 06:45:05,353 - DEBUG - 验证批次损失: 0.0000, 损失组件: {'xy': tensor([0.], device='cuda:0', requires_grad=True), 'wh': tensor([0.], device='cuda:0', requires_grad=True), 'conf': tensor([0.], device='cuda:0', requires_grad=True), 'cls': tensor([0.], device='cuda:0', requires_grad=True)}
2025-04-11 06:45:09,644 - DEBUG - 验证批次损失: 0.0000, 损失组件: {'xy': tensor([0.], device='cuda:0', requires_grad=True), 'wh': tensor([0.], device='cuda:0', requires_grad=True), 'conf': tensor([0.], device='cuda:0', requires_grad=True), 'cls': tensor([0.], device='cuda:0', requires_grad=True)}
2025-04-11 06:45:09,706 - INFO - Epoch [32/100] Train Loss: 0.0000 Val Loss: 0.0000
2025-04-11 06:45:09,706 - INFO - 
Epoch 33/100
2025-04-11 06:45:14,925 - DEBUG - Loss Components: {'xy': tensor([0.], device='cuda:0', requires_grad=True), 'wh': tensor([0.], device='cuda:0', requires_grad=True), 'conf': tensor([0.], device='cuda:0', requires_grad=True), 'cls': tensor([0.], device='cuda:0', requires_grad=True)}
2025-04-11 06:45:31,197 - DEBUG - Loss Components: {'xy': tensor([0.], device='cuda:0', requires_grad=True), 'wh': tensor([0.], device='cuda:0', requires_grad=True), 'conf': tensor([0.], device='cuda:0', requires_grad=True), 'cls': tensor([0.], device='cuda:0', requires_grad=True)}
2025-04-11 06:45:33,019 - DEBUG - 验证批次损失: 0.0000, 损失组件: {'xy': tensor([0.], device='cuda:0', requires_grad=True), 'wh': tensor([0.], device='cuda:0', requires_grad=True), 'conf': tensor([0.], device='cuda:0', requires_grad=True), 'cls': tensor([0.], device='cuda:0', requires_grad=True)}
2025-04-11 06:45:37,838 - DEBUG - 验证批次损失: 0.0000, 损失组件: {'xy': tensor([0.], device='cuda:0', requires_grad=True), 'wh': tensor([0.], device='cuda:0', requires_grad=True), 'conf': tensor([0.], device='cuda:0', requires_grad=True), 'cls': tensor([0.], device='cuda:0', requires_grad=True)}
2025-04-11 06:45:37,898 - INFO - Epoch [33/100] Train Loss: 0.0000 Val Loss: 0.0000
2025-04-11 06:45:37,899 - INFO - 
Epoch 34/100
2025-04-11 06:45:43,376 - DEBUG - Loss Components: {'xy': tensor([0.], device='cuda:0', requires_grad=True), 'wh': tensor([0.], device='cuda:0', requires_grad=True), 'conf': tensor([0.], device='cuda:0', requires_grad=True), 'cls': tensor([0.], device='cuda:0', requires_grad=True)}
