2025-04-11 07:18:40,254 - INFO - 使用设备: cuda
2025-04-11 07:18:40,255 - DEBUG - GPU: NVIDIA GeForce RTX 3090
2025-04-11 07:18:40,255 - DEBUG - 总内存: 23.69 GB
2025-04-11 07:18:40,255 - DEBUG - 可用内存: 0.00 GB
2025-04-11 07:18:40,342 - DEBUG - 使用预训练权重: True
2025-04-11 07:18:40,342 - DEBUG - 预训练模型路径: ../models/pretrained/yolo11m.pt
2025-04-11 07:18:40,764 - INFO - 模型初始化完成
2025-04-11 07:18:40,765 - DEBUG - 模型参数数量: 4.07M
2025-04-11 07:18:40,765 - DEBUG - 
检查数据路径:
2025-04-11 07:18:40,765 - DEBUG - 训练图片目录: training/data/imgs
2025-04-11 07:18:40,765 - DEBUG - 训练标签目录: training/data/labels
2025-04-11 07:18:40,765 - DEBUG - 验证图片目录: training/data/imgs
2025-04-11 07:18:40,765 - DEBUG - 验证标签目录: training/data/labels
2025-04-11 07:18:40,766 - DEBUG - 
检查数据:
2025-04-11 07:18:48,908 - DEBUG - 批次图片形状: torch.Size([16, 3, 320, 320])
2025-04-11 07:18:48,908 - DEBUG - 批次目标形状: torch.Size([16, 16, 5])
2025-04-11 07:18:48,909 - DEBUG - 目标值范围: [0.0000, 10.0000]
2025-04-11 07:18:48,910 - DEBUG - 类别分布: [0.0, 1.0, 3.0, 4.0, 5.0, 6.0, 7.0, 10.0]
2025-04-11 07:18:48,911 - INFO - 训练参数设置完成
2025-04-11 07:18:48,911 - INFO - 开始训练...
2025-04-11 07:18:48,912 - INFO - 
Epoch 0/100
