2025-04-11 07:37:40,092 - INFO - 使用设备: cuda
2025-04-11 07:37:40,092 - DEBUG - GPU: NVIDIA GeForce RTX 3090
2025-04-11 07:37:40,093 - DEBUG - 总内存: 23.69 GB
2025-04-11 07:37:40,093 - DEBUG - 可用内存: 0.00 GB
2025-04-11 07:37:40,194 - DEBUG - 使用预训练权重: True
2025-04-11 07:37:40,195 - DEBUG - 预训练模型路径: ../models/pretrained/yolo11m.pt
2025-04-11 07:37:40,494 - INFO - 模型初始化完成
2025-04-11 07:37:40,495 - DEBUG - 模型参数数量: 4.07M
2025-04-11 07:37:40,495 - DEBUG - 
检查数据路径:
2025-04-11 07:37:40,495 - DEBUG - 训练图片目录: training/data/imgs
2025-04-11 07:37:40,495 - DEBUG - 训练标签目录: training/data/labels
2025-04-11 07:37:40,495 - DEBUG - 验证图片目录: training/data/imgs
2025-04-11 07:37:40,495 - DEBUG - 验证标签目录: training/data/labels
2025-04-11 07:37:40,509 - DEBUG - 
检查数据:
2025-04-11 07:37:42,893 - DEBUG - 批次图片形状: torch.Size([16, 3, 320, 320])
2025-04-11 07:37:42,893 - DEBUG - 批次目标形状: torch.Size([91, 5])
2025-04-11 07:37:42,893 - DEBUG - 目标值范围: [0.0000, 15.0000]
2025-04-11 07:37:42,894 - DEBUG - 类别分布: [0.0, 1.0, 2.0, 3.0, 4.0, 5.0, 6.0, 8.0, 9.0, 10.0, 11.0, 12.0, 13.0, 14.0, 15.0]
2025-04-11 07:37:42,895 - INFO - 训练参数设置完成
2025-04-11 07:37:42,895 - INFO - 开始训练...
2025-04-11 07:37:42,895 - INFO - 
Epoch 0/100
