2025-04-11 08:09:36,543 - INFO - 使用设备: cuda
2025-04-11 08:09:36,543 - DEBUG - GPU: NVIDIA GeForce RTX 3090
2025-04-11 08:09:36,544 - DEBUG - 总内存: 23.69 GB
2025-04-11 08:09:36,544 - DEBUG - 可用内存: 0.00 GB
2025-04-11 08:09:36,650 - DEBUG - 使用预训练权重: True
2025-04-11 08:09:36,650 - DEBUG - 预训练模型路径: ../models/pretrained/yolo11m.pt
2025-04-11 08:09:37,016 - INFO - 模型初始化完成
2025-04-11 08:09:37,018 - DEBUG - 模型参数数量: 4.07M
2025-04-11 08:09:37,018 - DEBUG - 
检查数据路径:
2025-04-11 08:09:37,018 - DEBUG - 训练图片目录: training/data/imgs
2025-04-11 08:09:37,018 - DEBUG - 训练标签目录: training/data/labels
2025-04-11 08:09:37,018 - DEBUG - 验证图片目录: training/data/imgs
2025-04-11 08:09:37,018 - DEBUG - 验证标签目录: training/data/labels
2025-04-11 08:09:37,024 - DEBUG - 
检查数据:
2025-04-11 08:09:40,595 - DEBUG - 批次图片形状: torch.Size([16, 3, 320, 320])
2025-04-11 08:09:40,595 - DEBUG - 批次目标形状: torch.Size([90, 5])
2025-04-11 08:09:40,595 - DEBUG - 目标值范围: [0.0000, 15.0000]
2025-04-11 08:09:40,596 - DEBUG - 类别分布: [0.0, 1.0, 2.0, 3.0, 4.0, 5.0, 6.0, 7.0, 8.0, 9.0, 10.0, 11.0, 12.0, 13.0, 15.0]
2025-04-11 08:09:40,597 - INFO - 训练参数设置完成
2025-04-11 08:09:40,597 - INFO - 开始训练...
2025-04-11 08:09:40,597 - INFO - 
Epoch 0/100
2025-04-11 08:09:46,488 - DEBUG - Loss Components: {'xy': tensor([0.], device='cuda:0', requires_grad=True), 'wh': tensor([0.], device='cuda:0', requires_grad=True), 'conf': tensor(4707.7930, device='cuda:0', grad_fn=<SumBackward0>), 'cls': tensor([0.], device='cuda:0', requires_grad=True)}
2025-04-11 08:09:49,553 - DEBUG - Loss Components: {'xy': tensor([0.], device='cuda:0', requires_grad=True), 'wh': tensor([0.], device='cuda:0', requires_grad=True), 'conf': tensor([0.], device='cuda:0', requires_grad=True), 'cls': tensor([0.], device='cuda:0', requires_grad=True)}
2025-04-11 08:09:51,072 - DEBUG - 验证批次损失: 0.0000, 损失组件: {'xy': tensor([0.], device='cuda:0', requires_grad=True), 'wh': tensor([0.], device='cuda:0', requires_grad=True), 'conf': tensor([0.], device='cuda:0', requires_grad=True), 'cls': tensor([0.], device='cuda:0', requires_grad=True)}
2025-04-11 08:09:54,670 - DEBUG - 验证批次损失: 0.0000, 损失组件: {'xy': tensor([0.], device='cuda:0', requires_grad=True), 'wh': tensor([0.], device='cuda:0', requires_grad=True), 'conf': tensor([0.], device='cuda:0', requires_grad=True), 'cls': tensor([0.], device='cuda:0', requires_grad=True)}
2025-04-11 08:09:54,747 - INFO - Epoch [0/100] Train Loss: 55.0849 Val Loss: 0.0000
2025-04-11 08:09:55,078 - INFO - 保存最佳模型到: ../models/checkpoints/best_model_epoch_0.pth
2025-04-11 08:09:55,078 - INFO - 
Epoch 1/100
2025-04-11 08:09:58,087 - DEBUG - Loss Components: {'xy': tensor([0.], device='cuda:0', requires_grad=True), 'wh': tensor([0.], device='cuda:0', requires_grad=True), 'conf': tensor([0.], device='cuda:0', requires_grad=True), 'cls': tensor([0.], device='cuda:0', requires_grad=True)}
2025-04-11 08:10:00,001 - DEBUG - Loss Components: {'xy': tensor([0.], device='cuda:0', requires_grad=True), 'wh': tensor([0.], device='cuda:0', requires_grad=True), 'conf': tensor([0.], device='cuda:0', requires_grad=True), 'cls': tensor([0.], device='cuda:0', requires_grad=True)}
2025-04-11 08:10:01,914 - DEBUG - 验证批次损失: 0.0000, 损失组件: {'xy': tensor([0.], device='cuda:0', requires_grad=True), 'wh': tensor([0.], device='cuda:0', requires_grad=True), 'conf': tensor([0.], device='cuda:0', requires_grad=True), 'cls': tensor([0.], device='cuda:0', requires_grad=True)}
2025-04-11 08:10:05,275 - DEBUG - 验证批次损失: 0.0000, 损失组件: {'xy': tensor([0.], device='cuda:0', requires_grad=True), 'wh': tensor([0.], device='cuda:0', requires_grad=True), 'conf': tensor([0.], device='cuda:0', requires_grad=True), 'cls': tensor([0.], device='cuda:0', requires_grad=True)}
2025-04-11 08:10:05,351 - INFO - Epoch [1/100] Train Loss: 0.0000 Val Loss: 0.0000
2025-04-11 08:10:05,351 - INFO - 
Epoch 2/100
2025-04-11 08:10:06,601 - DEBUG - Loss Components: {'xy': tensor([0.], device='cuda:0', requires_grad=True), 'wh': tensor([0.], device='cuda:0', requires_grad=True), 'conf': tensor([0.], device='cuda:0', requires_grad=True), 'cls': tensor([0.], device='cuda:0', requires_grad=True)}
2025-04-11 08:10:10,710 - DEBUG - Loss Components: {'xy': tensor([0.], device='cuda:0', requires_grad=True), 'wh': tensor([0.], device='cuda:0', requires_grad=True), 'conf': tensor([0.], device='cuda:0', requires_grad=True), 'cls': tensor([0.], device='cuda:0', requires_grad=True)}
2025-04-11 08:10:11,988 - DEBUG - 验证批次损失: 0.0000, 损失组件: {'xy': tensor([0.], device='cuda:0', requires_grad=True), 'wh': tensor([0.], device='cuda:0', requires_grad=True), 'conf': tensor([0.], device='cuda:0', requires_grad=True), 'cls': tensor([0.], device='cuda:0', requires_grad=True)}
2025-04-11 08:10:15,457 - DEBUG - 验证批次损失: 0.0000, 损失组件: {'xy': tensor([0.], device='cuda:0', requires_grad=True), 'wh': tensor([0.], device='cuda:0', requires_grad=True), 'conf': tensor([0.], device='cuda:0', requires_grad=True), 'cls': tensor([0.], device='cuda:0', requires_grad=True)}
2025-04-11 08:10:15,516 - INFO - Epoch [2/100] Train Loss: 0.0000 Val Loss: 0.0000
2025-04-11 08:10:15,517 - INFO - 
Epoch 3/100
2025-04-11 08:10:16,134 - DEBUG - Loss Components: {'xy': tensor([0.], device='cuda:0', requires_grad=True), 'wh': tensor([0.], device='cuda:0', requires_grad=True), 'conf': tensor([0.], device='cuda:0', requires_grad=True), 'cls': tensor([0.], device='cuda:0', requires_grad=True)}
2025-04-11 08:10:20,911 - DEBUG - Loss Components: {'xy': tensor([0.], device='cuda:0', requires_grad=True), 'wh': tensor([0.], device='cuda:0', requires_grad=True), 'conf': tensor([0.], device='cuda:0', requires_grad=True), 'cls': tensor([0.], device='cuda:0', requires_grad=True)}
2025-04-11 08:10:22,091 - DEBUG - 验证批次损失: 0.0000, 损失组件: {'xy': tensor([0.], device='cuda:0', requires_grad=True), 'wh': tensor([0.], device='cuda:0', requires_grad=True), 'conf': tensor([0.], device='cuda:0', requires_grad=True), 'cls': tensor([0.], device='cuda:0', requires_grad=True)}
2025-04-11 08:10:25,930 - DEBUG - 验证批次损失: 0.0000, 损失组件: {'xy': tensor([0.], device='cuda:0', requires_grad=True), 'wh': tensor([0.], device='cuda:0', requires_grad=True), 'conf': tensor([0.], device='cuda:0', requires_grad=True), 'cls': tensor([0.], device='cuda:0', requires_grad=True)}
2025-04-11 08:10:26,003 - INFO - Epoch [3/100] Train Loss: 0.0000 Val Loss: 0.0000
2025-04-11 08:10:26,004 - INFO - 
Epoch 4/100
2025-04-11 08:10:28,864 - DEBUG - Loss Components: {'xy': tensor([0.], device='cuda:0', requires_grad=True), 'wh': tensor([0.], device='cuda:0', requires_grad=True), 'conf': tensor([0.], device='cuda:0', requires_grad=True), 'cls': tensor([0.], device='cuda:0', requires_grad=True)}
2025-04-11 08:10:30,785 - DEBUG - Loss Components: {'xy': tensor([0.], device='cuda:0', requires_grad=True), 'wh': tensor([0.], device='cuda:0', requires_grad=True), 'conf': tensor([0.], device='cuda:0', requires_grad=True), 'cls': tensor([0.], device='cuda:0', requires_grad=True)}
2025-04-11 08:10:33,331 - DEBUG - 验证批次损失: 0.0000, 损失组件: {'xy': tensor([0.], device='cuda:0', requires_grad=True), 'wh': tensor([0.], device='cuda:0', requires_grad=True), 'conf': tensor([0.], device='cuda:0', requires_grad=True), 'cls': tensor([0.], device='cuda:0', requires_grad=True)}
2025-04-11 08:10:36,279 - DEBUG - 验证批次损失: 0.0000, 损失组件: {'xy': tensor([0.], device='cuda:0', requires_grad=True), 'wh': tensor([0.], device='cuda:0', requires_grad=True), 'conf': tensor([0.], device='cuda:0', requires_grad=True), 'cls': tensor([0.], device='cuda:0', requires_grad=True)}
2025-04-11 08:10:36,340 - INFO - Epoch [4/100] Train Loss: 0.0000 Val Loss: 0.0000
2025-04-11 08:10:36,342 - INFO - 
Epoch 5/100
2025-04-11 08:10:38,709 - DEBUG - Loss Components: {'xy': tensor([0.], device='cuda:0', requires_grad=True), 'wh': tensor([0.], device='cuda:0', requires_grad=True), 'conf': tensor([0.], device='cuda:0', requires_grad=True), 'cls': tensor([0.], device='cuda:0', requires_grad=True)}
2025-04-11 08:10:41,254 - DEBUG - Loss Components: {'xy': tensor([0.], device='cuda:0', requires_grad=True), 'wh': tensor([0.], device='cuda:0', requires_grad=True), 'conf': tensor([0.], device='cuda:0', requires_grad=True), 'cls': tensor([0.], device='cuda:0', requires_grad=True)}
2025-04-11 08:10:44,105 - DEBUG - 验证批次损失: 0.0000, 损失组件: {'xy': tensor([0.], device='cuda:0', requires_grad=True), 'wh': tensor([0.], device='cuda:0', requires_grad=True), 'conf': tensor([0.], device='cuda:0', requires_grad=True), 'cls': tensor([0.], device='cuda:0', requires_grad=True)}
2025-04-11 08:10:47,379 - DEBUG - 验证批次损失: 0.0000, 损失组件: {'xy': tensor([0.], device='cuda:0', requires_grad=True), 'wh': tensor([0.], device='cuda:0', requires_grad=True), 'conf': tensor([0.], device='cuda:0', requires_grad=True), 'cls': tensor([0.], device='cuda:0', requires_grad=True)}
2025-04-11 08:10:47,449 - INFO - Epoch [5/100] Train Loss: 0.0000 Val Loss: 0.0000
2025-04-11 08:10:47,449 - INFO - 
Epoch 6/100
2025-04-11 08:10:48,829 - DEBUG - Loss Components: {'xy': tensor([0.], device='cuda:0', requires_grad=True), 'wh': tensor([0.], device='cuda:0', requires_grad=True), 'conf': tensor([0.], device='cuda:0', requires_grad=True), 'cls': tensor([0.], device='cuda:0', requires_grad=True)}
2025-04-11 08:10:52,555 - DEBUG - Loss Components: {'xy': tensor([0.], device='cuda:0', requires_grad=True), 'wh': tensor([0.], device='cuda:0', requires_grad=True), 'conf': tensor([0.], device='cuda:0', requires_grad=True), 'cls': tensor([0.], device='cuda:0', requires_grad=True)}
2025-04-11 08:10:54,229 - DEBUG - 验证批次损失: 0.0000, 损失组件: {'xy': tensor([0.], device='cuda:0', requires_grad=True), 'wh': tensor([0.], device='cuda:0', requires_grad=True), 'conf': tensor([0.], device='cuda:0', requires_grad=True), 'cls': tensor([0.], device='cuda:0', requires_grad=True)}
2025-04-11 08:10:58,447 - DEBUG - 验证批次损失: 0.0000, 损失组件: {'xy': tensor([0.], device='cuda:0', requires_grad=True), 'wh': tensor([0.], device='cuda:0', requires_grad=True), 'conf': tensor([0.], device='cuda:0', requires_grad=True), 'cls': tensor([0.], device='cuda:0', requires_grad=True)}
2025-04-11 08:10:58,517 - INFO - Epoch [6/100] Train Loss: 0.0000 Val Loss: 0.0000
2025-04-11 08:10:58,517 - INFO - 
Epoch 7/100
2025-04-11 08:10:59,779 - DEBUG - Loss Components: {'xy': tensor([0.], device='cuda:0', requires_grad=True), 'wh': tensor([0.], device='cuda:0', requires_grad=True), 'conf': tensor([0.], device='cuda:0', requires_grad=True), 'cls': tensor([0.], device='cuda:0', requires_grad=True)}
2025-04-11 08:11:03,387 - DEBUG - Loss Components: {'xy': tensor([0.], device='cuda:0', requires_grad=True), 'wh': tensor([0.], device='cuda:0', requires_grad=True), 'conf': tensor([0.], device='cuda:0', requires_grad=True), 'cls': tensor([0.], device='cuda:0', requires_grad=True)}
2025-04-11 08:11:05,061 - DEBUG - 验证批次损失: 0.0000, 损失组件: {'xy': tensor([0.], device='cuda:0', requires_grad=True), 'wh': tensor([0.], device='cuda:0', requires_grad=True), 'conf': tensor([0.], device='cuda:0', requires_grad=True), 'cls': tensor([0.], device='cuda:0', requires_grad=True)}
2025-04-11 08:11:08,437 - DEBUG - 验证批次损失: 0.0000, 损失组件: {'xy': tensor([0.], device='cuda:0', requires_grad=True), 'wh': tensor([0.], device='cuda:0', requires_grad=True), 'conf': tensor([0.], device='cuda:0', requires_grad=True), 'cls': tensor([0.], device='cuda:0', requires_grad=True)}
2025-04-11 08:11:08,507 - INFO - Epoch [7/100] Train Loss: 0.0000 Val Loss: 0.0000
2025-04-11 08:11:08,508 - INFO - 
Epoch 8/100
2025-04-11 08:11:10,511 - DEBUG - Loss Components: {'xy': tensor([0.], device='cuda:0', requires_grad=True), 'wh': tensor([0.], device='cuda:0', requires_grad=True), 'conf': tensor([0.], device='cuda:0', requires_grad=True), 'cls': tensor([0.], device='cuda:0', requires_grad=True)}
