2025-03-26 09:29:15,384 - INFO - 使用设备: cuda
2025-03-26 09:29:15,384 - DEBUG - GPU: NVIDIA GeForce RTX 3090
2025-03-26 09:29:15,384 - DEBUG - 总内存: 23.69 GB
2025-03-26 09:29:15,384 - DEBUG - 可用内存: 0.00 GB
2025-03-26 09:29:15,468 - DEBUG - 使用预训练权重: True
2025-03-26 09:29:15,687 - INFO - 模型初始化完成
2025-03-26 09:29:15,687 - DEBUG - 模型参数数量: 4.07M
2025-03-26 09:29:15,687 - DEBUG - 
检查数据路径:
2025-03-26 09:29:15,687 - DEBUG - 训练图片目录: ../datasets/CAD2024/train/imgs/train
2025-03-26 09:29:15,687 - DEBUG - 训练标签目录: ../datasets/CAD2024/train/labels/train
2025-03-26 09:29:15,688 - DEBUG - 验证图片目录: ../datasets/CAD2024/train/imgs/val
2025-03-26 09:29:15,688 - DEBUG - 验证标签目录: ../datasets/CAD2024/train/labels/val
2025-03-26 09:29:15,688 - DEBUG - 
检查数据:
2025-03-26 09:29:16,007 - DEBUG - 批次图片形状: torch.Size([1, 3, 320, 320])
2025-03-26 09:29:16,008 - DEBUG - 批次目标形状: torch.Size([1, 2, 5])
2025-03-26 09:29:16,008 - DEBUG - 目标值范围: [0.0324, 2.0000]
2025-03-26 09:29:16,009 - DEBUG - 类别分布: [2.0]
2025-03-26 09:29:16,011 - INFO - 训练参数设置完成
2025-03-26 09:29:16,011 - INFO - 开始训练...
2025-03-26 09:29:16,011 - INFO - 
Epoch 1/100
2025-03-26 09:29:16,237 - DEBUG - 目标值范围: [0.0391, 2.0000]
2025-03-26 09:29:17,248 - DEBUG - 目标值范围: [0.4430, 6.0000]
2025-03-26 09:29:17,404 - DEBUG - 目标值范围: [0.0278, 5.0000]
2025-03-26 09:29:17,426 - DEBUG - 目标值范围: [0.5191, 4.0000]
