2025-03-26 09:33:50,309 - INFO - 使用设备: cuda
2025-03-26 09:33:50,309 - DEBUG - GPU: NVIDIA GeForce RTX 3090
2025-03-26 09:33:50,309 - DEBUG - 总内存: 23.69 GB
2025-03-26 09:33:50,309 - DEBUG - 可用内存: 0.00 GB
2025-03-26 09:33:50,395 - DEBUG - 使用预训练权重: True
2025-03-26 09:33:50,622 - INFO - 模型初始化完成
2025-03-26 09:33:50,622 - DEBUG - 模型参数数量: 4.07M
2025-03-26 09:33:50,623 - DEBUG - 
检查数据路径:
2025-03-26 09:33:50,623 - DEBUG - 训练图片目录: ../datasets/CAD2024/train/imgs/train
2025-03-26 09:33:50,623 - DEBUG - 训练标签目录: ../datasets/CAD2024/train/labels/train
2025-03-26 09:33:50,623 - DEBUG - 验证图片目录: ../datasets/CAD2024/train/imgs/val
2025-03-26 09:33:50,623 - DEBUG - 验证标签目录: ../datasets/CAD2024/train/labels/val
2025-03-26 09:33:50,623 - DEBUG - 
检查数据:
2025-03-26 09:33:51,201 - DEBUG - 批次图片形状: torch.Size([1, 3, 320, 320])
2025-03-26 09:33:51,202 - DEBUG - 批次目标形状: torch.Size([1, 14, 5])
2025-03-26 09:33:51,202 - DEBUG - 目标值范围: [0.0000, 6.0000]
2025-03-26 09:33:51,203 - DEBUG - 类别分布: [0.0, 2.0, 3.0, 5.0, 6.0]
2025-03-26 09:33:51,205 - INFO - 训练参数设置完成
2025-03-26 09:33:51,205 - INFO - 开始训练...
2025-03-26 09:33:51,205 - INFO - 
Epoch 1/100
2025-03-26 09:33:51,375 - DEBUG - 目标值范围: [0.4453, 7.0000]
2025-03-26 09:33:52,498 - DEBUG - 目标值范围: [0.1028, 7.0000]
2025-03-26 09:33:52,526 - DEBUG - 目标值范围: [0.0360, 6.0000]
2025-03-26 09:33:52,548 - DEBUG - 目标值范围: [0.0354, 6.0000]
